<?xml version="1.0" encoding="UTF-8"?>
<coverage generated="1700425624668" clover="3.2.0">
  <project timestamp="1700425624668" name="All files">
    <metrics statements="719" coveredstatements="614" conditionals="70" coveredconditionals="52" methods="35" coveredmethods="31" elements="824" coveredelements="697" complexity="0" loc="719" ncloc="719" packages="15" files="20" classes="20"/>
    <package name="app">
      <metrics statements="50" coveredstatements="40" conditionals="2" coveredconditionals="2" methods="3" coveredmethods="2"/>
      <file name="hooks.ts" path="D:\RS_School\react-redux-rtk\rs-school\src\app\hooks.ts">
        <metrics statements="6" coveredstatements="6" conditionals="1" coveredconditionals="1" methods="1" coveredmethods="1"/>
        <line num="1" count="1" type="stmt"/>
        <line num="2" count="1" type="stmt"/>
        <line num="3" count="1" type="stmt"/>
        <line num="4" count="1" type="stmt"/>
        <line num="5" count="1" type="cond" truecount="1" falsecount="0"/>
        <line num="6" count="1" type="stmt"/>
      </file>
      <file name="store.ts" path="D:\RS_School\react-redux-rtk\rs-school\src\app\store.ts">
        <metrics statements="44" coveredstatements="34" conditionals="1" coveredconditionals="1" methods="2" coveredmethods="1"/>
        <line num="1" count="1" type="stmt"/>
        <line num="2" count="1" type="stmt"/>
        <line num="3" count="1" type="stmt"/>
        <line num="4" count="1" type="stmt"/>
        <line num="5" count="1" type="stmt"/>
        <line num="6" count="1" type="stmt"/>
        <line num="7" count="1" type="stmt"/>
        <line num="8" count="1" type="stmt"/>
        <line num="9" count="1" type="stmt"/>
        <line num="10" count="1" type="stmt"/>
        <line num="11" count="1" type="stmt"/>
        <line num="12" count="1" type="stmt"/>
        <line num="13" count="1" type="stmt"/>
        <line num="14" count="1" type="stmt"/>
        <line num="15" count="1" type="stmt"/>
        <line num="16" count="1" type="stmt"/>
        <line num="17" count="1" type="stmt"/>
        <line num="18" count="1" type="stmt"/>
        <line num="19" count="1" type="stmt"/>
        <line num="20" count="1" type="stmt"/>
        <line num="21" count="1" type="stmt"/>
        <line num="22" count="1" type="stmt"/>
        <line num="23" count="1" type="stmt"/>
        <line num="24" count="1" type="cond" truecount="1" falsecount="0"/>
        <line num="25" count="7" type="stmt"/>
        <line num="26" count="1" type="stmt"/>
        <line num="27" count="1" type="stmt"/>
        <line num="28" count="1" type="stmt"/>
        <line num="29" count="1" type="stmt"/>
        <line num="30" count="1" type="stmt"/>
        <line num="31" count="0" type="stmt"/>
        <line num="32" count="0" type="stmt"/>
        <line num="33" count="0" type="stmt"/>
        <line num="34" count="0" type="stmt"/>
        <line num="35" count="0" type="stmt"/>
        <line num="36" count="0" type="stmt"/>
        <line num="37" count="0" type="stmt"/>
        <line num="38" count="0" type="stmt"/>
        <line num="39" count="0" type="stmt"/>
        <line num="40" count="0" type="stmt"/>
        <line num="41" count="1" type="stmt"/>
        <line num="42" count="1" type="stmt"/>
        <line num="43" count="1" type="stmt"/>
        <line num="44" count="1" type="stmt"/>
      </file>
    </package>
    <package name="app.services">
      <metrics statements="31" coveredstatements="31" conditionals="2" coveredconditionals="2" methods="3" coveredmethods="2"/>
      <file name="api.ts" path="D:\RS_School\react-redux-rtk\rs-school\src\app\services\api.ts">
        <metrics statements="31" coveredstatements="31" conditionals="2" coveredconditionals="2" methods="3" coveredmethods="2"/>
        <line num="1" count="1" type="stmt"/>
        <line num="2" count="1" type="stmt"/>
        <line num="3" count="1" type="stmt"/>
        <line num="4" count="1" type="stmt"/>
        <line num="5" count="1" type="stmt"/>
        <line num="6" count="1" type="stmt"/>
        <line num="7" count="1" type="stmt"/>
        <line num="8" count="1" type="stmt"/>
        <line num="9" count="1" type="stmt"/>
        <line num="10" count="1" type="stmt"/>
        <line num="11" count="1" type="stmt"/>
        <line num="12" count="1" type="stmt"/>
        <line num="13" count="1" type="stmt"/>
        <line num="14" count="1" type="stmt"/>
        <line num="15" count="1" type="cond" truecount="1" falsecount="0"/>
        <line num="16" count="8" type="stmt"/>
        <line num="17" count="8" type="cond" truecount="1" falsecount="0"/>
        <line num="18" count="4" type="stmt"/>
        <line num="19" count="4" type="stmt"/>
        <line num="20" count="4" type="stmt"/>
        <line num="21" count="4" type="stmt"/>
        <line num="22" count="8" type="stmt"/>
        <line num="23" count="8" type="stmt"/>
        <line num="24" count="8" type="stmt"/>
        <line num="25" count="8" type="stmt"/>
        <line num="26" count="8" type="stmt"/>
        <line num="27" count="1" type="stmt"/>
        <line num="28" count="1" type="stmt"/>
        <line num="29" count="1" type="stmt"/>
        <line num="30" count="1" type="stmt"/>
        <line num="31" count="1" type="stmt"/>
      </file>
    </package>
    <package name="components">
      <metrics statements="53" coveredstatements="53" conditionals="6" coveredconditionals="6" methods="4" coveredmethods="4"/>
      <file name="ErrorBoundary.tsx" path="D:\RS_School\react-redux-rtk\rs-school\src\components\ErrorBoundary.tsx">
        <metrics statements="53" coveredstatements="53" conditionals="6" coveredconditionals="6" methods="4" coveredmethods="4"/>
        <line num="1" count="1" type="stmt"/>
        <line num="2" count="1" type="stmt"/>
        <line num="3" count="1" type="stmt"/>
        <line num="4" count="1" type="stmt"/>
        <line num="5" count="1" type="stmt"/>
        <line num="6" count="1" type="stmt"/>
        <line num="7" count="1" type="stmt"/>
        <line num="8" count="1" type="stmt"/>
        <line num="9" count="1" type="stmt"/>
        <line num="10" count="1" type="stmt"/>
        <line num="11" count="1" type="stmt"/>
        <line num="12" count="1" type="stmt"/>
        <line num="13" count="1" type="stmt"/>
        <line num="14" count="1" type="stmt"/>
        <line num="15" count="1" type="stmt"/>
        <line num="16" count="1" type="stmt"/>
        <line num="17" count="1" type="stmt"/>
        <line num="18" count="1" type="cond" truecount="1" falsecount="0"/>
        <line num="19" count="1" type="stmt"/>
        <line num="20" count="1" type="cond" truecount="1" falsecount="0"/>
        <line num="21" count="3" type="stmt"/>
        <line num="22" count="3" type="stmt"/>
        <line num="23" count="3" type="stmt"/>
        <line num="24" count="3" type="stmt"/>
        <line num="25" count="3" type="stmt"/>
        <line num="26" count="3" type="stmt"/>
        <line num="27" count="1" type="stmt"/>
        <line num="28" count="1" type="cond" truecount="1" falsecount="0"/>
        <line num="29" count="1" type="stmt"/>
        <line num="30" count="1" type="stmt"/>
        <line num="31" count="1" type="stmt"/>
        <line num="32" count="1" type="stmt"/>
        <line num="33" count="1" type="stmt"/>
        <line num="34" count="1" type="stmt"/>
        <line num="35" count="1" type="stmt"/>
        <line num="36" count="1" type="cond" truecount="1" falsecount="0"/>
        <line num="37" count="3" type="cond" truecount="1" falsecount="0"/>
        <line num="38" count="1" type="stmt"/>
        <line num="39" count="1" type="stmt"/>
        <line num="40" count="1" type="stmt"/>
        <line num="41" count="1" type="stmt"/>
        <line num="42" count="1" type="stmt"/>
        <line num="43" count="1" type="stmt"/>
        <line num="44" count="1" type="stmt"/>
        <line num="45" count="1" type="stmt"/>
        <line num="46" count="1" type="stmt"/>
        <line num="47" count="1" type="stmt"/>
        <line num="48" count="1" type="stmt"/>
        <line num="49" count="1" type="cond" truecount="1" falsecount="0"/>
        <line num="50" count="2" type="stmt"/>
        <line num="51" count="2" type="stmt"/>
        <line num="52" count="3" type="stmt"/>
        <line num="53" count="1" type="stmt"/>
      </file>
    </package>
    <package name="components.App">
      <metrics statements="21" coveredstatements="21" conditionals="1" coveredconditionals="1" methods="1" coveredmethods="1"/>
      <file name="App.tsx" path="D:\RS_School\react-redux-rtk\rs-school\src\components\App\App.tsx">
        <metrics statements="21" coveredstatements="21" conditionals="1" coveredconditionals="1" methods="1" coveredmethods="1"/>
        <line num="1" count="1" type="stmt"/>
        <line num="2" count="1" type="stmt"/>
        <line num="3" count="1" type="stmt"/>
        <line num="4" count="1" type="stmt"/>
        <line num="5" count="1" type="stmt"/>
        <line num="6" count="1" type="stmt"/>
        <line num="7" count="1" type="stmt"/>
        <line num="8" count="4" type="cond" truecount="1" falsecount="0"/>
        <line num="9" count="4" type="stmt"/>
        <line num="10" count="4" type="stmt"/>
        <line num="11" count="4" type="stmt"/>
        <line num="12" count="4" type="stmt"/>
        <line num="13" count="4" type="stmt"/>
        <line num="14" count="4" type="stmt"/>
        <line num="15" count="4" type="stmt"/>
        <line num="16" count="4" type="stmt"/>
        <line num="17" count="4" type="stmt"/>
        <line num="18" count="4" type="stmt"/>
        <line num="19" count="4" type="stmt"/>
        <line num="20" count="1" type="stmt"/>
        <line num="21" count="1" type="stmt"/>
      </file>
    </package>
    <package name="components.Book">
      <metrics statements="48" coveredstatements="45" conditionals="8" coveredconditionals="2" methods="2" coveredmethods="2"/>
      <file name="Book.tsx" path="D:\RS_School\react-redux-rtk\rs-school\src\components\Book\Book.tsx">
        <metrics statements="48" coveredstatements="45" conditionals="8" coveredconditionals="2" methods="2" coveredmethods="2"/>
        <line num="1" count="1" type="stmt"/>
        <line num="2" count="1" type="stmt"/>
        <line num="3" count="1" type="stmt"/>
        <line num="4" count="1" type="cond" truecount="1" falsecount="0"/>
        <line num="5" count="1" type="stmt"/>
        <line num="6" count="1" type="stmt"/>
        <line num="7" count="1" type="stmt"/>
        <line num="8" count="1" type="cond" truecount="1" falsecount="0"/>
        <line num="9" count="1" type="stmt"/>
        <line num="10" count="1" type="cond" truecount="0" falsecount="1"/>
        <line num="11" count="0" type="stmt"/>
        <line num="12" count="1" type="stmt"/>
        <line num="13" count="1" type="stmt"/>
        <line num="14" count="1" type="stmt"/>
        <line num="15" count="1" type="cond" truecount="0" falsecount="1"/>
        <line num="16" count="0" type="stmt"/>
        <line num="17" count="0" type="stmt"/>
        <line num="18" count="1" type="stmt"/>
        <line num="19" count="1" type="stmt"/>
        <line num="20" count="1" type="stmt"/>
        <line num="21" count="1" type="stmt"/>
        <line num="22" count="1" type="stmt"/>
        <line num="23" count="1" type="stmt"/>
        <line num="24" count="1" type="stmt"/>
        <line num="25" count="1" type="stmt"/>
        <line num="26" count="1" type="stmt"/>
        <line num="27" count="1" type="stmt"/>
        <line num="28" count="1" type="stmt"/>
        <line num="29" count="1" type="stmt"/>
        <line num="30" count="1" type="stmt"/>
        <line num="31" count="1" type="stmt"/>
        <line num="32" count="1" type="stmt"/>
        <line num="33" count="1" type="cond" truecount="0" falsecount="1"/>
        <line num="34" count="1" type="stmt"/>
        <line num="35" count="1" type="stmt"/>
        <line num="36" count="1" type="cond" truecount="0" falsecount="1"/>
        <line num="37" count="1" type="stmt"/>
        <line num="38" count="1" type="stmt"/>
        <line num="39" count="1" type="cond" truecount="0" falsecount="1"/>
        <line num="40" count="1" type="stmt"/>
        <line num="41" count="1" type="stmt"/>
        <line num="42" count="1" type="cond" truecount="0" falsecount="1"/>
        <line num="43" count="1" type="stmt"/>
        <line num="44" count="1" type="stmt"/>
        <line num="45" count="1" type="stmt"/>
        <line num="46" count="1" type="stmt"/>
        <line num="47" count="1" type="stmt"/>
        <line num="48" count="1" type="stmt"/>
      </file>
    </package>
    <package name="components.BookDetails">
      <metrics statements="90" coveredstatements="71" conditionals="9" coveredconditionals="4" methods="3" coveredmethods="3"/>
      <file name="BookDetails.tsx" path="D:\RS_School\react-redux-rtk\rs-school\src\components\BookDetails\BookDetails.tsx">
        <metrics statements="42" coveredstatements="30" conditionals="4" coveredconditionals="1" methods="1" coveredmethods="1"/>
        <line num="1" count="1" type="stmt"/>
        <line num="2" count="1" type="stmt"/>
        <line num="3" count="1" type="stmt"/>
        <line num="4" count="1" type="stmt"/>
        <line num="5" count="1" type="stmt"/>
        <line num="6" count="1" type="stmt"/>
        <line num="7" count="2" type="cond" truecount="1" falsecount="0"/>
        <line num="8" count="2" type="stmt"/>
        <line num="9" count="2" type="stmt"/>
        <line num="10" count="2" type="stmt"/>
        <line num="11" count="2" type="stmt"/>
        <line num="12" count="2" type="stmt"/>
        <line num="13" count="2" type="stmt"/>
        <line num="14" count="2" type="stmt"/>
        <line num="15" count="2" type="stmt"/>
        <line num="16" count="2" type="stmt"/>
        <line num="17" count="2" type="cond" truecount="0" falsecount="1"/>
        <line num="18" count="0" type="stmt"/>
        <line num="19" count="0" type="stmt"/>
        <line num="20" count="2" type="stmt"/>
        <line num="21" count="2" type="cond" truecount="0" falsecount="1"/>
        <line num="22" count="0" type="stmt"/>
        <line num="23" count="0" type="stmt"/>
        <line num="24" count="0" type="stmt"/>
        <line num="25" count="0" type="stmt"/>
        <line num="26" count="0" type="stmt"/>
        <line num="27" count="2" type="stmt"/>
        <line num="28" count="2" type="cond" truecount="0" falsecount="1"/>
        <line num="29" count="0" type="stmt"/>
        <line num="30" count="0" type="stmt"/>
        <line num="31" count="0" type="stmt"/>
        <line num="32" count="0" type="stmt"/>
        <line num="33" count="0" type="stmt"/>
        <line num="34" count="2" type="stmt"/>
        <line num="35" count="2" type="stmt"/>
        <line num="36" count="2" type="stmt"/>
        <line num="37" count="2" type="stmt"/>
        <line num="38" count="2" type="stmt"/>
        <line num="39" count="2" type="stmt"/>
        <line num="40" count="2" type="stmt"/>
        <line num="41" count="2" type="stmt"/>
        <line num="42" count="2" type="stmt"/>
      </file>
      <file name="DetailsSection.tsx" path="D:\RS_School\react-redux-rtk\rs-school\src\components\BookDetails\DetailsSection.tsx">
        <metrics statements="48" coveredstatements="41" conditionals="5" coveredconditionals="3" methods="2" coveredmethods="2"/>
        <line num="1" count="1" type="stmt"/>
        <line num="2" count="1" type="stmt"/>
        <line num="3" count="1" type="stmt"/>
        <line num="4" count="1" type="stmt"/>
        <line num="5" count="1" type="cond" truecount="1" falsecount="0"/>
        <line num="6" count="3" type="stmt"/>
        <line num="7" count="3" type="cond" truecount="1" falsecount="0"/>
        <line num="8" count="3" type="stmt"/>
        <line num="9" count="3" type="stmt"/>
        <line num="10" count="3" type="stmt"/>
        <line num="11" count="3" type="stmt"/>
        <line num="12" count="3" type="stmt"/>
        <line num="13" count="3" type="cond" truecount="0" falsecount="1"/>
        <line num="14" count="0" type="stmt"/>
        <line num="15" count="0" type="stmt"/>
        <line num="16" count="0" type="stmt"/>
        <line num="17" count="0" type="stmt"/>
        <line num="18" count="0" type="stmt"/>
        <line num="19" count="0" type="stmt"/>
        <line num="20" count="0" type="stmt"/>
        <line num="21" count="3" type="stmt"/>
        <line num="22" count="3" type="stmt"/>
        <line num="23" count="3" type="stmt"/>
        <line num="24" count="3" type="stmt"/>
        <line num="25" count="3" type="stmt"/>
        <line num="26" count="3" type="stmt"/>
        <line num="27" count="3" type="cond" truecount="0" falsecount="1"/>
        <line num="28" count="3" type="stmt"/>
        <line num="29" count="3" type="stmt"/>
        <line num="30" count="3" type="stmt"/>
        <line num="31" count="3" type="stmt"/>
        <line num="32" count="3" type="stmt"/>
        <line num="33" count="3" type="stmt"/>
        <line num="34" count="3" type="stmt"/>
        <line num="35" count="3" type="stmt"/>
        <line num="36" count="3" type="stmt"/>
        <line num="37" count="3" type="cond" truecount="1" falsecount="0"/>
        <line num="38" count="3" type="stmt"/>
        <line num="39" count="3" type="stmt"/>
        <line num="40" count="3" type="stmt"/>
        <line num="41" count="3" type="stmt"/>
        <line num="42" count="3" type="stmt"/>
        <line num="43" count="3" type="stmt"/>
        <line num="44" count="3" type="stmt"/>
        <line num="45" count="3" type="stmt"/>
        <line num="46" count="3" type="stmt"/>
        <line num="47" count="1" type="stmt"/>
        <line num="48" count="1" type="stmt"/>
      </file>
    </package>
    <package name="components.BookList">
      <metrics statements="38" coveredstatements="24" conditionals="5" coveredconditionals="4" methods="1" coveredmethods="1"/>
      <file name="BookList.tsx" path="D:\RS_School\react-redux-rtk\rs-school\src\components\BookList\BookList.tsx">
        <metrics statements="38" coveredstatements="24" conditionals="5" coveredconditionals="4" methods="1" coveredmethods="1"/>
        <line num="1" count="1" type="stmt"/>
        <line num="2" count="1" type="stmt"/>
        <line num="3" count="1" type="stmt"/>
        <line num="4" count="1" type="stmt"/>
        <line num="5" count="1" type="stmt"/>
        <line num="6" count="1" type="stmt"/>
        <line num="7" count="4" type="cond" truecount="1" falsecount="0"/>
        <line num="8" count="4" type="stmt"/>
        <line num="9" count="4" type="cond" truecount="1" falsecount="0"/>
        <line num="10" count="4" type="stmt"/>
        <line num="11" count="4" type="cond" truecount="1" falsecount="0"/>
        <line num="12" count="4" type="cond" truecount="1" falsecount="0"/>
        <line num="13" count="4" type="stmt"/>
        <line num="14" count="4" type="stmt"/>
        <line num="15" count="4" type="stmt"/>
        <line num="16" count="4" type="stmt"/>
        <line num="17" count="4" type="stmt"/>
        <line num="18" count="4" type="stmt"/>
        <line num="19" count="4" type="stmt"/>
        <line num="20" count="4" type="cond" truecount="0" falsecount="1"/>
        <line num="21" count="0" type="stmt"/>
        <line num="22" count="0" type="stmt"/>
        <line num="23" count="0" type="stmt"/>
        <line num="24" count="0" type="stmt"/>
        <line num="25" count="0" type="stmt"/>
        <line num="26" count="0" type="stmt"/>
        <line num="27" count="0" type="stmt"/>
        <line num="28" count="0" type="stmt"/>
        <line num="29" count="0" type="stmt"/>
        <line num="30" count="0" type="stmt"/>
        <line num="31" count="0" type="stmt"/>
        <line num="32" count="0" type="stmt"/>
        <line num="33" count="0" type="stmt"/>
        <line num="34" count="0" type="stmt"/>
        <line num="35" count="4" type="stmt"/>
        <line num="36" count="4" type="stmt"/>
        <line num="37" count="4" type="stmt"/>
        <line num="38" count="4" type="stmt"/>
      </file>
    </package>
    <package name="components.PageNumbersSection">
      <metrics statements="72" coveredstatements="34" conditionals="7" coveredconditionals="4" methods="1" coveredmethods="1"/>
      <file name="PageNumbersSection.tsx" path="D:\RS_School\react-redux-rtk\rs-school\src\components\PageNumbersSection\PageNumbersSection.tsx">
        <metrics statements="72" coveredstatements="34" conditionals="7" coveredconditionals="4" methods="1" coveredmethods="1"/>
        <line num="1" count="1" type="stmt"/>
        <line num="2" count="1" type="stmt"/>
        <line num="3" count="1" type="stmt"/>
        <line num="4" count="1" type="stmt"/>
        <line num="5" count="1" type="stmt"/>
        <line num="6" count="1" type="stmt"/>
        <line num="7" count="2" type="cond" truecount="1" falsecount="0"/>
        <line num="8" count="2" type="stmt"/>
        <line num="9" count="2" type="stmt"/>
        <line num="10" count="2" type="stmt"/>
        <line num="11" count="2" type="cond" truecount="1" falsecount="0"/>
        <line num="12" count="2" type="stmt"/>
        <line num="13" count="2" type="cond" truecount="1" falsecount="0"/>
        <line num="14" count="2" type="cond" truecount="1" falsecount="0"/>
        <line num="15" count="2" type="stmt"/>
        <line num="16" count="2" type="stmt"/>
        <line num="17" count="2" type="stmt"/>
        <line num="18" count="2" type="stmt"/>
        <line num="19" count="2" type="stmt"/>
        <line num="20" count="2" type="stmt"/>
        <line num="21" count="2" type="stmt"/>
        <line num="22" count="2" type="cond" truecount="0" falsecount="1"/>
        <line num="23" count="2" type="stmt"/>
        <line num="24" count="2" type="stmt"/>
        <line num="25" count="2" type="cond" truecount="0" falsecount="1"/>
        <line num="26" count="0" type="stmt"/>
        <line num="27" count="0" type="stmt"/>
        <line num="28" count="0" type="stmt"/>
        <line num="29" count="0" type="stmt"/>
        <line num="30" count="2" type="stmt"/>
        <line num="31" count="2" type="stmt"/>
        <line num="32" count="0" type="stmt"/>
        <line num="33" count="0" type="stmt"/>
        <line num="34" count="0" type="stmt"/>
        <line num="35" count="0" type="stmt"/>
        <line num="36" count="0" type="stmt"/>
        <line num="37" count="0" type="stmt"/>
        <line num="38" count="0" type="stmt"/>
        <line num="39" count="0" type="stmt"/>
        <line num="40" count="0" type="stmt"/>
        <line num="41" count="0" type="stmt"/>
        <line num="42" count="0" type="stmt"/>
        <line num="43" count="0" type="stmt"/>
        <line num="44" count="0" type="stmt"/>
        <line num="45" count="0" type="stmt"/>
        <line num="46" count="0" type="stmt"/>
        <line num="47" count="0" type="stmt"/>
        <line num="48" count="0" type="stmt"/>
        <line num="49" count="0" type="stmt"/>
        <line num="50" count="0" type="stmt"/>
        <line num="51" count="0" type="stmt"/>
        <line num="52" count="2" type="stmt"/>
        <line num="53" count="2" type="stmt"/>
        <line num="54" count="2" type="cond" truecount="0" falsecount="1"/>
        <line num="55" count="0" type="stmt"/>
        <line num="56" count="0" type="stmt"/>
        <line num="57" count="0" type="stmt"/>
        <line num="58" count="0" type="stmt"/>
        <line num="59" count="0" type="stmt"/>
        <line num="60" count="0" type="stmt"/>
        <line num="61" count="0" type="stmt"/>
        <line num="62" count="0" type="stmt"/>
        <line num="63" count="0" type="stmt"/>
        <line num="64" count="0" type="stmt"/>
        <line num="65" count="0" type="stmt"/>
        <line num="66" count="0" type="stmt"/>
        <line num="67" count="0" type="stmt"/>
        <line num="68" count="0" type="stmt"/>
        <line num="69" count="2" type="stmt"/>
        <line num="70" count="2" type="stmt"/>
        <line num="71" count="2" type="stmt"/>
        <line num="72" count="2" type="stmt"/>
      </file>
    </package>
    <package name="components.ResultSection">
      <metrics statements="57" coveredstatements="41" conditionals="8" coveredconditionals="5" methods="1" coveredmethods="1"/>
      <file name="ResultSection.tsx" path="D:\RS_School\react-redux-rtk\rs-school\src\components\ResultSection\ResultSection.tsx">
        <metrics statements="57" coveredstatements="41" conditionals="8" coveredconditionals="5" methods="1" coveredmethods="1"/>
        <line num="1" count="1" type="stmt"/>
        <line num="2" count="1" type="stmt"/>
        <line num="3" count="1" type="stmt"/>
        <line num="4" count="1" type="stmt"/>
        <line num="5" count="1" type="stmt"/>
        <line num="6" count="1" type="stmt"/>
        <line num="7" count="1" type="stmt"/>
        <line num="8" count="1" type="stmt"/>
        <line num="9" count="1" type="stmt"/>
        <line num="10" count="3" type="cond" truecount="1" falsecount="0"/>
        <line num="11" count="3" type="stmt"/>
        <line num="12" count="3" type="stmt"/>
        <line num="13" count="3" type="stmt"/>
        <line num="14" count="3" type="stmt"/>
        <line num="15" count="3" type="cond" truecount="1" falsecount="0"/>
        <line num="16" count="3" type="stmt"/>
        <line num="17" count="3" type="cond" truecount="1" falsecount="0"/>
        <line num="18" count="3" type="cond" truecount="1" falsecount="0"/>
        <line num="19" count="3" type="stmt"/>
        <line num="20" count="3" type="stmt"/>
        <line num="21" count="3" type="stmt"/>
        <line num="22" count="3" type="stmt"/>
        <line num="23" count="3" type="stmt"/>
        <line num="24" count="3" type="stmt"/>
        <line num="25" count="3" type="stmt"/>
        <line num="26" count="3" type="stmt"/>
        <line num="27" count="3" type="stmt"/>
        <line num="28" count="3" type="stmt"/>
        <line num="29" count="3" type="stmt"/>
        <line num="30" count="3" type="stmt"/>
        <line num="31" count="3" type="cond" truecount="1" falsecount="0"/>
        <line num="32" count="1" type="stmt"/>
        <line num="33" count="1" type="stmt"/>
        <line num="34" count="3" type="stmt"/>
        <line num="35" count="3" type="stmt"/>
        <line num="36" count="3" type="cond" truecount="0" falsecount="1"/>
        <line num="37" count="0" type="stmt"/>
        <line num="38" count="0" type="stmt"/>
        <line num="39" count="3" type="stmt"/>
        <line num="40" count="3" type="cond" truecount="0" falsecount="1"/>
        <line num="41" count="3" type="stmt"/>
        <line num="42" count="3" type="cond" truecount="0" falsecount="1"/>
        <line num="43" count="0" type="stmt"/>
        <line num="44" count="0" type="stmt"/>
        <line num="45" count="0" type="stmt"/>
        <line num="46" count="0" type="stmt"/>
        <line num="47" count="0" type="stmt"/>
        <line num="48" count="0" type="stmt"/>
        <line num="49" count="0" type="stmt"/>
        <line num="50" count="0" type="stmt"/>
        <line num="51" count="0" type="stmt"/>
        <line num="52" count="0" type="stmt"/>
        <line num="53" count="0" type="stmt"/>
        <line num="54" count="0" type="stmt"/>
        <line num="55" count="0" type="stmt"/>
        <line num="56" count="0" type="stmt"/>
        <line num="57" count="3" type="stmt"/>
      </file>
    </package>
    <package name="components.TopSection">
      <metrics statements="108" coveredstatements="107" conditionals="12" coveredconditionals="12" methods="6" coveredmethods="5"/>
      <file name="TopSection.tsx" path="D:\RS_School\react-redux-rtk\rs-school\src\components\TopSection\TopSection.tsx">
        <metrics statements="108" coveredstatements="107" conditionals="12" coveredconditionals="12" methods="6" coveredmethods="5"/>
        <line num="1" count="1" type="stmt"/>
        <line num="2" count="1" type="stmt"/>
        <line num="3" count="1" type="stmt"/>
        <line num="4" count="1" type="stmt"/>
        <line num="5" count="1" type="stmt"/>
        <line num="6" count="1" type="stmt"/>
        <line num="7" count="24" type="cond" truecount="1" falsecount="0"/>
        <line num="8" count="24" type="stmt"/>
        <line num="9" count="24" type="stmt"/>
        <line num="10" count="24" type="stmt"/>
        <line num="11" count="24" type="cond" truecount="1" falsecount="0"/>
        <line num="12" count="24" type="stmt"/>
        <line num="13" count="24" type="stmt"/>
        <line num="14" count="24" type="stmt"/>
        <line num="15" count="24" type="stmt"/>
        <line num="16" count="24" type="stmt"/>
        <line num="17" count="24" type="stmt"/>
        <line num="18" count="24" type="stmt"/>
        <line num="19" count="24" type="cond" truecount="1" falsecount="0"/>
        <line num="20" count="5" type="stmt"/>
        <line num="21" count="5" type="stmt"/>
        <line num="22" count="5" type="stmt"/>
        <line num="23" count="5" type="stmt"/>
        <line num="24" count="24" type="stmt"/>
        <line num="25" count="24" type="cond" truecount="1" falsecount="0"/>
        <line num="26" count="2" type="stmt"/>
        <line num="27" count="2" type="stmt"/>
        <line num="28" count="2" type="cond" truecount="1" falsecount="0"/>
        <line num="29" count="1" type="stmt"/>
        <line num="30" count="1" type="stmt"/>
        <line num="31" count="1" type="stmt"/>
        <line num="32" count="1" type="stmt"/>
        <line num="33" count="1" type="stmt"/>
        <line num="34" count="1" type="stmt"/>
        <line num="35" count="2" type="stmt"/>
        <line num="36" count="24" type="stmt"/>
        <line num="37" count="24" type="cond" truecount="1" falsecount="0"/>
        <line num="38" count="19" type="cond" truecount="1" falsecount="0"/>
        <line num="39" count="95" type="stmt"/>
        <line num="40" count="95" type="stmt"/>
        <line num="41" count="95" type="stmt"/>
        <line num="42" count="19" type="stmt"/>
        <line num="43" count="19" type="stmt"/>
        <line num="44" count="19" type="stmt"/>
        <line num="45" count="24" type="stmt"/>
        <line num="46" count="24" type="stmt"/>
        <line num="47" count="24" type="cond" truecount="1" falsecount="0"/>
        <line num="48" count="6" type="stmt"/>
        <line num="49" count="24" type="stmt"/>
        <line num="50" count="24" type="stmt"/>
        <line num="51" count="24" type="stmt"/>
        <line num="52" count="24" type="stmt"/>
        <line num="53" count="24" type="stmt"/>
        <line num="54" count="24" type="stmt"/>
        <line num="55" count="24" type="stmt"/>
        <line num="56" count="24" type="stmt"/>
        <line num="57" count="24" type="stmt"/>
        <line num="58" count="24" type="stmt"/>
        <line num="59" count="24" type="stmt"/>
        <line num="60" count="24" type="stmt"/>
        <line num="61" count="24" type="stmt"/>
        <line num="62" count="24" type="stmt"/>
        <line num="63" count="24" type="stmt"/>
        <line num="64" count="24" type="stmt"/>
        <line num="65" count="0" type="stmt"/>
        <line num="66" count="24" type="stmt"/>
        <line num="67" count="24" type="stmt"/>
        <line num="68" count="24" type="stmt"/>
        <line num="69" count="24" type="stmt"/>
        <line num="70" count="24" type="stmt"/>
        <line num="71" count="24" type="cond" truecount="1" falsecount="0"/>
        <line num="72" count="24" type="stmt"/>
        <line num="73" count="24" type="stmt"/>
        <line num="74" count="24" type="stmt"/>
        <line num="75" count="24" type="stmt"/>
        <line num="76" count="24" type="stmt"/>
        <line num="77" count="24" type="stmt"/>
        <line num="78" count="24" type="stmt"/>
        <line num="79" count="24" type="stmt"/>
        <line num="80" count="24" type="stmt"/>
        <line num="81" count="24" type="stmt"/>
        <line num="82" count="24" type="stmt"/>
        <line num="83" count="24" type="stmt"/>
        <line num="84" count="24" type="stmt"/>
        <line num="85" count="24" type="stmt"/>
        <line num="86" count="24" type="stmt"/>
        <line num="87" count="24" type="cond" truecount="1" falsecount="0"/>
        <line num="88" count="24" type="stmt"/>
        <line num="89" count="24" type="stmt"/>
        <line num="90" count="24" type="stmt"/>
        <line num="91" count="24" type="stmt"/>
        <line num="92" count="24" type="stmt"/>
        <line num="93" count="24" type="stmt"/>
        <line num="94" count="24" type="stmt"/>
        <line num="95" count="24" type="stmt"/>
        <line num="96" count="24" type="stmt"/>
        <line num="97" count="24" type="stmt"/>
        <line num="98" count="24" type="cond" truecount="1" falsecount="0"/>
        <line num="99" count="24" type="cond" truecount="1" falsecount="0"/>
        <line num="100" count="1" type="stmt"/>
        <line num="101" count="24" type="stmt"/>
        <line num="102" count="24" type="stmt"/>
        <line num="103" count="24" type="stmt"/>
        <line num="104" count="24" type="stmt"/>
        <line num="105" count="24" type="stmt"/>
        <line num="106" count="24" type="stmt"/>
        <line num="107" count="24" type="stmt"/>
        <line num="108" count="24" type="stmt"/>
      </file>
    </package>
    <package name="features">
      <metrics statements="56" coveredstatements="52" conditionals="3" coveredconditionals="3" methods="3" coveredmethods="2"/>
      <file name="booksPerPageSlice.tsx" path="D:\RS_School\react-redux-rtk\rs-school\src\features\booksPerPageSlice.tsx">
        <metrics statements="18" coveredstatements="14" conditionals="0" coveredconditionals="0" methods="1" coveredmethods="0"/>
        <line num="1" count="1" type="stmt"/>
        <line num="2" count="1" type="stmt"/>
        <line num="3" count="1" type="stmt"/>
        <line num="4" count="1" type="stmt"/>
        <line num="5" count="1" type="stmt"/>
        <line num="6" count="1" type="stmt"/>
        <line num="7" count="1" type="stmt"/>
        <line num="8" count="1" type="stmt"/>
        <line num="9" count="1" type="stmt"/>
        <line num="10" count="0" type="stmt"/>
        <line num="11" count="0" type="stmt"/>
        <line num="12" count="0" type="stmt"/>
        <line num="13" count="0" type="stmt"/>
        <line num="14" count="1" type="stmt"/>
        <line num="15" count="1" type="stmt"/>
        <line num="16" count="1" type="stmt"/>
        <line num="17" count="1" type="stmt"/>
        <line num="18" count="1" type="stmt"/>
      </file>
      <file name="curentPageSlice.ts" path="D:\RS_School\react-redux-rtk\rs-school\src\features\curentPageSlice.ts">
        <metrics statements="20" coveredstatements="20" conditionals="2" coveredconditionals="2" methods="1" coveredmethods="1"/>
        <line num="1" count="1" type="stmt"/>
        <line num="2" count="1" type="stmt"/>
        <line num="3" count="1" type="stmt"/>
        <line num="4" count="1" type="stmt"/>
        <line num="5" count="1" type="stmt"/>
        <line num="6" count="1" type="stmt"/>
        <line num="7" count="1" type="stmt"/>
        <line num="8" count="1" type="stmt"/>
        <line num="9" count="1" type="stmt"/>
        <line num="10" count="1" type="stmt"/>
        <line num="11" count="1" type="cond" truecount="1" falsecount="0"/>
        <line num="12" count="2" type="cond" truecount="1" falsecount="0"/>
        <line num="13" count="1" type="stmt"/>
        <line num="14" count="1" type="stmt"/>
        <line num="15" count="2" type="stmt"/>
        <line num="16" count="1" type="stmt"/>
        <line num="17" count="1" type="stmt"/>
        <line num="18" count="1" type="stmt"/>
        <line num="19" count="1" type="stmt"/>
        <line num="20" count="1" type="stmt"/>
      </file>
      <file name="searchSlice.ts" path="D:\RS_School\react-redux-rtk\rs-school\src\features\searchSlice.ts">
        <metrics statements="18" coveredstatements="18" conditionals="1" coveredconditionals="1" methods="1" coveredmethods="1"/>
        <line num="1" count="1" type="stmt"/>
        <line num="2" count="1" type="stmt"/>
        <line num="3" count="1" type="stmt"/>
        <line num="4" count="1" type="stmt"/>
        <line num="5" count="1" type="stmt"/>
        <line num="6" count="1" type="stmt"/>
        <line num="7" count="1" type="stmt"/>
        <line num="8" count="1" type="stmt"/>
        <line num="9" count="1" type="cond" truecount="1" falsecount="0"/>
        <line num="10" count="1" type="stmt"/>
        <line num="11" count="1" type="stmt"/>
        <line num="12" count="1" type="stmt"/>
        <line num="13" count="1" type="stmt"/>
        <line num="14" count="1" type="stmt"/>
        <line num="15" count="1" type="stmt"/>
        <line num="16" count="1" type="stmt"/>
        <line num="17" count="1" type="stmt"/>
        <line num="18" count="1" type="stmt"/>
      </file>
    </package>
    <package name="mock">
      <metrics statements="28" coveredstatements="28" conditionals="3" coveredconditionals="3" methods="3" coveredmethods="3"/>
      <file name="store.ts" path="D:\RS_School\react-redux-rtk\rs-school\src\mock\store.ts">
        <metrics statements="28" coveredstatements="28" conditionals="3" coveredconditionals="3" methods="3" coveredmethods="3"/>
        <line num="1" count="1" type="stmt"/>
        <line num="2" count="1" type="stmt"/>
        <line num="3" count="1" type="stmt"/>
        <line num="4" count="1" type="stmt"/>
        <line num="5" count="1" type="stmt"/>
        <line num="6" count="1" type="stmt"/>
        <line num="7" count="1" type="stmt"/>
        <line num="8" count="1" type="stmt"/>
        <line num="9" count="1" type="stmt"/>
        <line num="10" count="1" type="stmt"/>
        <line num="11" count="1" type="cond" truecount="1" falsecount="0"/>
        <line num="12" count="7" type="stmt"/>
        <line num="13" count="1" type="stmt"/>
        <line num="14" count="1" type="stmt"/>
        <line num="15" count="1" type="stmt"/>
        <line num="16" count="1" type="stmt"/>
        <line num="17" count="1" type="cond" truecount="1" falsecount="0"/>
        <line num="18" count="19" type="stmt"/>
        <line num="19" count="19" type="stmt"/>
        <line num="20" count="19" type="cond" truecount="1" falsecount="0"/>
        <line num="21" count="19" type="stmt"/>
        <line num="22" count="19" type="stmt"/>
        <line num="23" count="19" type="stmt"/>
        <line num="24" count="19" type="stmt"/>
        <line num="25" count="1" type="stmt"/>
        <line num="26" count="1" type="stmt"/>
        <line num="27" count="1" type="stmt"/>
        <line num="28" count="1" type="stmt"/>
      </file>
    </package>
    <package name="pages.Home">
      <metrics statements="17" coveredstatements="17" conditionals="1" coveredconditionals="1" methods="1" coveredmethods="1"/>
      <file name="Home.tsx" path="D:\RS_School\react-redux-rtk\rs-school\src\pages\Home\Home.tsx">
        <metrics statements="17" coveredstatements="17" conditionals="1" coveredconditionals="1" methods="1" coveredmethods="1"/>
        <line num="1" count="1" type="stmt"/>
        <line num="2" count="1" type="stmt"/>
        <line num="3" count="1" type="stmt"/>
        <line num="4" count="1" type="stmt"/>
        <line num="5" count="3" type="cond" truecount="1" falsecount="0"/>
        <line num="6" count="3" type="stmt"/>
        <line num="7" count="3" type="stmt"/>
        <line num="8" count="3" type="stmt"/>
        <line num="9" count="3" type="stmt"/>
        <line num="10" count="3" type="stmt"/>
        <line num="11" count="3" type="stmt"/>
        <line num="12" count="3" type="stmt"/>
        <line num="13" count="3" type="stmt"/>
        <line num="14" count="3" type="stmt"/>
        <line num="15" count="3" type="stmt"/>
        <line num="16" count="3" type="stmt"/>
        <line num="17" count="3" type="stmt"/>
      </file>
    </package>
    <package name="pages.Page404">
      <metrics statements="16" coveredstatements="16" conditionals="1" coveredconditionals="1" methods="1" coveredmethods="1"/>
      <file name="Page404.tsx" path="D:\RS_School\react-redux-rtk\rs-school\src\pages\Page404\Page404.tsx">
        <metrics statements="16" coveredstatements="16" conditionals="1" coveredconditionals="1" methods="1" coveredmethods="1"/>
        <line num="1" count="1" type="stmt"/>
        <line num="2" count="1" type="stmt"/>
        <line num="3" count="2" type="cond" truecount="1" falsecount="0"/>
        <line num="4" count="2" type="stmt"/>
        <line num="5" count="2" type="stmt"/>
        <line num="6" count="2" type="stmt"/>
        <line num="7" count="2" type="stmt"/>
        <line num="8" count="2" type="stmt"/>
        <line num="9" count="2" type="stmt"/>
        <line num="10" count="2" type="stmt"/>
        <line num="11" count="2" type="stmt"/>
        <line num="12" count="2" type="stmt"/>
        <line num="13" count="2" type="stmt"/>
        <line num="14" count="2" type="stmt"/>
        <line num="15" count="2" type="stmt"/>
        <line num="16" count="2" type="stmt"/>
      </file>
    </package>
    <package name="utils">
      <metrics statements="34" coveredstatements="34" conditionals="2" coveredconditionals="2" methods="2" coveredmethods="2"/>
      <file name="const.ts" path="D:\RS_School\react-redux-rtk\rs-school\src\utils\const.ts">
        <metrics statements="1" coveredstatements="1" conditionals="0" coveredconditionals="0" methods="0" coveredmethods="0"/>
        <line num="1" count="1" type="stmt"/>
      </file>
      <file name="test-utils.tsx" path="D:\RS_School\react-redux-rtk\rs-school\src\utils\test-utils.tsx">
        <metrics statements="33" coveredstatements="33" conditionals="2" coveredconditionals="2" methods="2" coveredmethods="2"/>
        <line num="1" count="1" type="stmt"/>
        <line num="2" count="1" type="stmt"/>
        <line num="3" count="1" type="stmt"/>
        <line num="4" count="1" type="stmt"/>
        <line num="5" count="1" type="stmt"/>
        <line num="6" count="1" type="stmt"/>
        <line num="7" count="1" type="stmt"/>
        <line num="8" count="1" type="stmt"/>
        <line num="9" count="1" type="stmt"/>
        <line num="10" count="1" type="stmt"/>
        <line num="11" count="1" type="stmt"/>
        <line num="12" count="1" type="stmt"/>
        <line num="13" count="1" type="stmt"/>
        <line num="14" count="1" type="stmt"/>
        <line num="15" count="1" type="stmt"/>
        <line num="16" count="1" type="cond" truecount="1" falsecount="0"/>
        <line num="17" count="15" type="stmt"/>
        <line num="18" count="15" type="stmt"/>
        <line num="19" count="15" type="stmt"/>
        <line num="20" count="15" type="stmt"/>
        <line num="21" count="15" type="stmt"/>
        <line num="22" count="15" type="stmt"/>
        <line num="23" count="15" type="stmt"/>
        <line num="24" count="15" type="stmt"/>
        <line num="25" count="15" type="stmt"/>
        <line num="26" count="15" type="stmt"/>
        <line num="27" count="15" type="stmt"/>
        <line num="28" count="15" type="stmt"/>
        <line num="29" count="15" type="cond" truecount="1" falsecount="0"/>
        <line num="30" count="15" type="stmt"/>
        <line num="31" count="15" type="stmt"/>
        <line num="32" count="15" type="stmt"/>
        <line num="33" count="15" type="stmt"/>
      </file>
    </package>
  </project>
</coverage>
