{"D:\\RS_School\\react-redux-rtk\\rs-school\\src\\app\\hooks.ts": {"path":"D:\\RS_School\\react-redux-rtk\\rs-school\\src\\app\\hooks.ts","all":false,"statementMap":{"0":{"start":{"line":1,"column":0},"end":{"line":1,"column":77}},"1":{"start":{"line":2,"column":0},"end":{"line":2,"column":54}},"2":{"start":{"line":3,"column":0},"end":{"line":3,"column":0}},"3":{"start":{"line":4,"column":0},"end":{"line":4,"column":75}},"4":{"start":{"line":5,"column":0},"end":{"line":5,"column":63}},"5":{"start":{"line":6,"column":0},"end":{"line":6,"column":75}}},"s":{"0":1,"1":1,"2":1,"3":1,"4":1,"5":1},"branchMap":{"0":{"type":"branch","line":5,"loc":{"start":{"line":5,"column":30},"end":{"line":5,"column":63}},"locations":[{"start":{"line":5,"column":30},"end":{"line":5,"column":63}}]}},"b":{"0":[28]},"fnMap":{"0":{"name":"useAppDispatch","decl":{"start":{"line":5,"column":30},"end":{"line":5,"column":63}},"loc":{"start":{"line":5,"column":30},"end":{"line":5,"column":63}},"line":5}},"f":{"0":28}}
,"D:\\RS_School\\react-redux-rtk\\rs-school\\src\\app\\store.ts": {"path":"D:\\RS_School\\react-redux-rtk\\rs-school\\src\\app\\store.ts","all":false,"statementMap":{"0":{"start":{"line":1,"column":0},"end":{"line":1,"column":67}},"1":{"start":{"line":2,"column":0},"end":{"line":2,"column":64}},"2":{"start":{"line":3,"column":0},"end":{"line":3,"column":52}},"3":{"start":{"line":4,"column":0},"end":{"line":4,"column":60}},"4":{"start":{"line":5,"column":0},"end":{"line":5,"column":56}},"5":{"start":{"line":6,"column":0},"end":{"line":6,"column":44}},"6":{"start":{"line":7,"column":0},"end":{"line":7,"column":55}},"7":{"start":{"line":8,"column":0},"end":{"line":8,"column":0}},"8":{"start":{"line":9,"column":0},"end":{"line":9,"column":74}},"9":{"start":{"line":10,"column":0},"end":{"line":10,"column":44}},"10":{"start":{"line":11,"column":0},"end":{"line":11,"column":47}},"11":{"start":{"line":12,"column":0},"end":{"line":12,"column":36}},"12":{"start":{"line":13,"column":0},"end":{"line":13,"column":24}},"13":{"start":{"line":14,"column":0},"end":{"line":14,"column":32}},"14":{"start":{"line":15,"column":0},"end":{"line":15,"column":3}},"15":{"start":{"line":16,"column":0},"end":{"line":16,"column":0}},"16":{"start":{"line":17,"column":0},"end":{"line":17,"column":37}},"17":{"start":{"line":18,"column":0},"end":{"line":18,"column":12}},"18":{"start":{"line":19,"column":0},"end":{"line":19,"column":49}},"19":{"start":{"line":20,"column":0},"end":{"line":20,"column":38}},"20":{"start":{"line":21,"column":0},"end":{"line":21,"column":26}},"21":{"start":{"line":22,"column":0},"end":{"line":22,"column":34}},"22":{"start":{"line":23,"column":0},"end":{"line":23,"column":4}},"23":{"start":{"line":24,"column":0},"end":{"line":24,"column":39}},"24":{"start":{"line":25,"column":0},"end":{"line":25,"column":66}},"25":{"start":{"line":26,"column":0},"end":{"line":26,"column":3}},"26":{"start":{"line":27,"column":0},"end":{"line":27,"column":0}},"27":{"start":{"line":28,"column":0},"end":{"line":28,"column":31}},"28":{"start":{"line":29,"column":0},"end":{"line":29,"column":0}},"29":{"start":{"line":30,"column":0},"end":{"line":30,"column":75}},"30":{"start":{"line":31,"column":0},"end":{"line":31,"column":25}},"31":{"start":{"line":32,"column":0},"end":{"line":32,"column":14}},"32":{"start":{"line":33,"column":0},"end":{"line":33,"column":51}},"33":{"start":{"line":34,"column":0},"end":{"line":34,"column":40}},"34":{"start":{"line":35,"column":0},"end":{"line":35,"column":28}},"35":{"start":{"line":36,"column":0},"end":{"line":36,"column":36}},"36":{"start":{"line":37,"column":0},"end":{"line":37,"column":6}},"37":{"start":{"line":38,"column":0},"end":{"line":38,"column":19}},"38":{"start":{"line":39,"column":0},"end":{"line":39,"column":5}},"39":{"start":{"line":40,"column":0},"end":{"line":40,"column":2}},"40":{"start":{"line":41,"column":0},"end":{"line":41,"column":0}},"41":{"start":{"line":42,"column":0},"end":{"line":42,"column":48}},"42":{"start":{"line":43,"column":0},"end":{"line":43,"column":58}},"43":{"start":{"line":44,"column":0},"end":{"line":44,"column":53}}},"s":{"0":1,"1":1,"2":1,"3":1,"4":1,"5":1,"6":1,"7":1,"8":1,"9":1,"10":1,"11":1,"12":1,"13":1,"14":1,"15":1,"16":1,"17":1,"18":1,"19":1,"20":1,"21":1,"22":1,"23":1,"24":7,"25":1,"26":1,"27":1,"28":1,"29":1,"30":0,"31":0,"32":0,"33":0,"34":0,"35":0,"36":0,"37":0,"38":0,"39":0,"40":1,"41":1,"42":1,"43":1},"branchMap":{"0":{"type":"branch","line":24,"loc":{"start":{"line":24,"column":14},"end":{"line":25,"column":66}},"locations":[{"start":{"line":24,"column":14},"end":{"line":25,"column":66}}]}},"b":{"0":[7]},"fnMap":{"0":{"name":"middleware","decl":{"start":{"line":24,"column":14},"end":{"line":25,"column":66}},"loc":{"start":{"line":24,"column":14},"end":{"line":25,"column":66}},"line":24},"1":{"name":"setupStore","decl":{"start":{"line":30,"column":26},"end":{"line":40,"column":2}},"loc":{"start":{"line":30,"column":26},"end":{"line":40,"column":2}},"line":30}},"f":{"0":7,"1":0}}
,"D:\\RS_School\\react-redux-rtk\\rs-school\\src\\app\\services\\api.ts": {"path":"D:\\RS_School\\react-redux-rtk\\rs-school\\src\\app\\services\\api.ts","all":false,"statementMap":{"0":{"start":{"line":1,"column":0},"end":{"line":1,"column":73}},"1":{"start":{"line":2,"column":0},"end":{"line":2,"column":45}},"2":{"start":{"line":3,"column":0},"end":{"line":3,"column":51}},"3":{"start":{"line":4,"column":0},"end":{"line":4,"column":0}},"4":{"start":{"line":5,"column":0},"end":{"line":5,"column":27}},"5":{"start":{"line":6,"column":0},"end":{"line":6,"column":22}},"6":{"start":{"line":7,"column":0},"end":{"line":7,"column":21}},"7":{"start":{"line":8,"column":0},"end":{"line":8,"column":23}},"8":{"start":{"line":9,"column":0},"end":{"line":9,"column":1}},"9":{"start":{"line":10,"column":0},"end":{"line":10,"column":0}},"10":{"start":{"line":11,"column":0},"end":{"line":11,"column":59}},"11":{"start":{"line":12,"column":0},"end":{"line":12,"column":37}},"12":{"start":{"line":13,"column":0},"end":{"line":13,"column":28}},"13":{"start":{"line":14,"column":0},"end":{"line":14,"column":51}},"14":{"start":{"line":15,"column":0},"end":{"line":15,"column":28}},"15":{"start":{"line":16,"column":0},"end":{"line":16,"column":53}},"16":{"start":{"line":17,"column":0},"end":{"line":17,"column":62}},"17":{"start":{"line":18,"column":0},"end":{"line":18,"column":74}},"18":{"start":{"line":19,"column":0},"end":{"line":19,"column":41}},"19":{"start":{"line":20,"column":0},"end":{"line":20,"column":33}},"20":{"start":{"line":21,"column":0},"end":{"line":21,"column":9}},"21":{"start":{"line":22,"column":0},"end":{"line":22,"column":7}},"22":{"start":{"line":23,"column":0},"end":{"line":23,"column":53}},"23":{"start":{"line":24,"column":0},"end":{"line":24,"column":43}},"24":{"start":{"line":25,"column":0},"end":{"line":25,"column":7}},"25":{"start":{"line":26,"column":0},"end":{"line":26,"column":5}},"26":{"start":{"line":27,"column":0},"end":{"line":27,"column":3}},"27":{"start":{"line":28,"column":0},"end":{"line":28,"column":0}},"28":{"start":{"line":29,"column":0},"end":{"line":29,"column":61}},"29":{"start":{"line":30,"column":0},"end":{"line":30,"column":48}},"30":{"start":{"line":31,"column":0},"end":{"line":31,"column":67}}},"s":{"0":1,"1":1,"2":1,"3":1,"4":1,"5":1,"6":1,"7":1,"8":1,"9":1,"10":1,"11":1,"12":1,"13":1,"14":1,"15":8,"16":8,"17":4,"18":4,"19":4,"20":4,"21":8,"22":8,"23":8,"24":8,"25":8,"26":1,"27":1,"28":1,"29":1,"30":1},"branchMap":{"0":{"type":"branch","line":15,"loc":{"start":{"line":15,"column":13},"end":{"line":26,"column":5}},"locations":[{"start":{"line":15,"column":13},"end":{"line":26,"column":5}}]},"1":{"type":"branch","line":17,"loc":{"start":{"line":17,"column":13},"end":{"line":21,"column":9}},"locations":[{"start":{"line":17,"column":13},"end":{"line":21,"column":9}}]}},"b":{"0":[8],"1":[4]},"fnMap":{"0":{"name":"endpoints","decl":{"start":{"line":15,"column":13},"end":{"line":26,"column":5}},"loc":{"start":{"line":15,"column":13},"end":{"line":26,"column":5}},"line":15},"1":{"name":"query","decl":{"start":{"line":17,"column":13},"end":{"line":21,"column":9}},"loc":{"start":{"line":17,"column":13},"end":{"line":21,"column":9}},"line":17},"2":{"name":"query","decl":{"start":{"line":24,"column":13},"end":{"line":24,"column":43}},"loc":{"start":{"line":24,"column":13},"end":{"line":24,"column":43}},"line":24}},"f":{"0":8,"1":4,"2":0}}
,"D:\\RS_School\\react-redux-rtk\\rs-school\\src\\components\\ErrorBoundary.tsx": {"path":"D:\\RS_School\\react-redux-rtk\\rs-school\\src\\components\\ErrorBoundary.tsx","all":false,"statementMap":{"0":{"start":{"line":1,"column":0},"end":{"line":1,"column":52}},"1":{"start":{"line":2,"column":0},"end":{"line":2,"column":0}},"2":{"start":{"line":3,"column":0},"end":{"line":3,"column":71}},"3":{"start":{"line":4,"column":0},"end":{"line":4,"column":59}},"4":{"start":{"line":5,"column":0},"end":{"line":5,"column":142}},"5":{"start":{"line":6,"column":0},"end":{"line":6,"column":61}},"6":{"start":{"line":7,"column":0},"end":{"line":7,"column":24}},"7":{"start":{"line":8,"column":0},"end":{"line":8,"column":22}},"8":{"start":{"line":9,"column":0},"end":{"line":9,"column":30}},"9":{"start":{"line":10,"column":0},"end":{"line":10,"column":29}},"10":{"start":{"line":11,"column":0},"end":{"line":11,"column":0}},"11":{"start":{"line":12,"column":0},"end":{"line":12,"column":58}},"12":{"start":{"line":13,"column":0},"end":{"line":13,"column":87}},"13":{"start":{"line":14,"column":0},"end":{"line":14,"column":54}},"14":{"start":{"line":15,"column":0},"end":{"line":15,"column":54}},"15":{"start":{"line":16,"column":0},"end":{"line":16,"column":0}},"16":{"start":{"line":17,"column":0},"end":{"line":17,"column":74}},"17":{"start":{"line":18,"column":0},"end":{"line":18,"column":57}},"18":{"start":{"line":19,"column":0},"end":{"line":19,"column":0}},"19":{"start":{"line":20,"column":0},"end":{"line":20,"column":29}},"20":{"start":{"line":21,"column":0},"end":{"line":21,"column":17}},"21":{"start":{"line":22,"column":0},"end":{"line":22,"column":18}},"22":{"start":{"line":23,"column":0},"end":{"line":23,"column":18}},"23":{"start":{"line":24,"column":0},"end":{"line":24,"column":22}},"24":{"start":{"line":25,"column":0},"end":{"line":25,"column":6}},"25":{"start":{"line":26,"column":0},"end":{"line":26,"column":3}},"26":{"start":{"line":27,"column":0},"end":{"line":27,"column":0}},"27":{"start":{"line":28,"column":0},"end":{"line":28,"column":57}},"28":{"start":{"line":29,"column":0},"end":{"line":29,"column":76}},"29":{"start":{"line":30,"column":0},"end":{"line":30,"column":19}},"30":{"start":{"line":31,"column":0},"end":{"line":31,"column":19}},"31":{"start":{"line":32,"column":0},"end":{"line":32,"column":27}},"32":{"start":{"line":33,"column":0},"end":{"line":33,"column":7}},"33":{"start":{"line":34,"column":0},"end":{"line":34,"column":3}},"34":{"start":{"line":35,"column":0},"end":{"line":35,"column":0}},"35":{"start":{"line":36,"column":0},"end":{"line":36,"column":12}},"36":{"start":{"line":37,"column":0},"end":{"line":37,"column":27}},"37":{"start":{"line":38,"column":0},"end":{"line":38,"column":14}},"38":{"start":{"line":39,"column":0},"end":{"line":39,"column":76}},"39":{"start":{"line":40,"column":0},"end":{"line":40,"column":46}},"40":{"start":{"line":41,"column":0},"end":{"line":41,"column":44}},"41":{"start":{"line":42,"column":0},"end":{"line":42,"column":40}},"42":{"start":{"line":43,"column":0},"end":{"line":43,"column":43}},"43":{"start":{"line":44,"column":0},"end":{"line":44,"column":46}},"44":{"start":{"line":45,"column":0},"end":{"line":45,"column":0}},"45":{"start":{"line":46,"column":0},"end":{"line":46,"column":78}},"46":{"start":{"line":47,"column":0},"end":{"line":47,"column":14}},"47":{"start":{"line":48,"column":0},"end":{"line":48,"column":8}},"48":{"start":{"line":49,"column":0},"end":{"line":49,"column":5}},"49":{"start":{"line":50,"column":0},"end":{"line":50,"column":37}},"50":{"start":{"line":51,"column":0},"end":{"line":51,"column":31}},"51":{"start":{"line":52,"column":0},"end":{"line":52,"column":3}},"52":{"start":{"line":53,"column":0},"end":{"line":53,"column":1}}},"s":{"0":1,"1":1,"2":1,"3":1,"4":1,"5":1,"6":1,"7":1,"8":1,"9":1,"10":1,"11":1,"12":1,"13":1,"14":1,"15":1,"16":1,"17":1,"18":1,"19":1,"20":3,"21":3,"22":3,"23":3,"24":3,"25":3,"26":1,"27":1,"28":1,"29":1,"30":1,"31":1,"32":1,"33":1,"34":1,"35":1,"36":3,"37":1,"38":1,"39":1,"40":1,"41":1,"42":1,"43":1,"44":1,"45":1,"46":1,"47":1,"48":1,"49":2,"50":2,"51":3,"52":1},"branchMap":{"0":{"type":"branch","line":18,"loc":{"start":{"line":18,"column":2},"end":{"line":18,"column":57}},"locations":[{"start":{"line":18,"column":2},"end":{"line":18,"column":57}}]},"1":{"type":"branch","line":20,"loc":{"start":{"line":20,"column":2},"end":{"line":26,"column":3}},"locations":[{"start":{"line":20,"column":2},"end":{"line":26,"column":3}}]},"2":{"type":"branch","line":28,"loc":{"start":{"line":28,"column":2},"end":{"line":34,"column":3}},"locations":[{"start":{"line":28,"column":2},"end":{"line":34,"column":3}}]},"3":{"type":"branch","line":36,"loc":{"start":{"line":36,"column":2},"end":{"line":52,"column":3}},"locations":[{"start":{"line":36,"column":2},"end":{"line":52,"column":3}}]},"4":{"type":"branch","line":37,"loc":{"start":{"line":37,"column":26},"end":{"line":49,"column":5}},"locations":[{"start":{"line":37,"column":26},"end":{"line":49,"column":5}}]},"5":{"type":"branch","line":49,"loc":{"start":{"line":49,"column":4},"end":{"line":51,"column":31}},"locations":[{"start":{"line":49,"column":4},"end":{"line":51,"column":31}}]}},"b":{"0":[1],"1":[3],"2":[1],"3":[3],"4":[1],"5":[2]},"fnMap":{"0":{"name":"<static_initializer>","decl":{"start":{"line":18,"column":2},"end":{"line":18,"column":57}},"loc":{"start":{"line":18,"column":2},"end":{"line":18,"column":57}},"line":18},"1":{"name":"ErrorBoundary","decl":{"start":{"line":20,"column":2},"end":{"line":26,"column":3}},"loc":{"start":{"line":20,"column":2},"end":{"line":26,"column":3}},"line":20},"2":{"name":"componentDidCatch","decl":{"start":{"line":28,"column":2},"end":{"line":34,"column":3}},"loc":{"start":{"line":28,"column":2},"end":{"line":34,"column":3}},"line":28},"3":{"name":"render","decl":{"start":{"line":36,"column":2},"end":{"line":52,"column":3}},"loc":{"start":{"line":36,"column":2},"end":{"line":52,"column":3}},"line":36}},"f":{"0":1,"1":3,"2":1,"3":3}}
,"D:\\RS_School\\react-redux-rtk\\rs-school\\src\\components\\App\\App.tsx": {"path":"D:\\RS_School\\react-redux-rtk\\rs-school\\src\\components\\App\\App.tsx","all":false,"statementMap":{"0":{"start":{"line":1,"column":0},"end":{"line":1,"column":49}},"1":{"start":{"line":2,"column":0},"end":{"line":2,"column":19}},"2":{"start":{"line":3,"column":0},"end":{"line":3,"column":53}},"3":{"start":{"line":4,"column":0},"end":{"line":4,"column":41}},"4":{"start":{"line":5,"column":0},"end":{"line":5,"column":59}},"5":{"start":{"line":6,"column":0},"end":{"line":6,"column":50}},"6":{"start":{"line":7,"column":0},"end":{"line":7,"column":0}},"7":{"start":{"line":8,"column":0},"end":{"line":8,"column":16}},"8":{"start":{"line":9,"column":0},"end":{"line":9,"column":10}},"9":{"start":{"line":10,"column":0},"end":{"line":10,"column":12}},"10":{"start":{"line":11,"column":0},"end":{"line":11,"column":41}},"11":{"start":{"line":12,"column":0},"end":{"line":12,"column":56}},"12":{"start":{"line":13,"column":0},"end":{"line":13,"column":63}},"13":{"start":{"line":14,"column":0},"end":{"line":14,"column":16}},"14":{"start":{"line":15,"column":0},"end":{"line":15,"column":14}},"15":{"start":{"line":16,"column":0},"end":{"line":16,"column":46}},"16":{"start":{"line":17,"column":0},"end":{"line":17,"column":13}},"17":{"start":{"line":18,"column":0},"end":{"line":18,"column":4}},"18":{"start":{"line":19,"column":0},"end":{"line":19,"column":1}},"19":{"start":{"line":20,"column":0},"end":{"line":20,"column":0}},"20":{"start":{"line":21,"column":0},"end":{"line":21,"column":19}}},"s":{"0":1,"1":1,"2":1,"3":1,"4":1,"5":1,"6":1,"7":4,"8":4,"9":4,"10":4,"11":4,"12":4,"13":4,"14":4,"15":4,"16":4,"17":4,"18":4,"19":1,"20":1},"branchMap":{"0":{"type":"branch","line":8,"loc":{"start":{"line":8,"column":0},"end":{"line":19,"column":1}},"locations":[{"start":{"line":8,"column":0},"end":{"line":19,"column":1}}]}},"b":{"0":[4]},"fnMap":{"0":{"name":"App","decl":{"start":{"line":8,"column":0},"end":{"line":19,"column":1}},"loc":{"start":{"line":8,"column":0},"end":{"line":19,"column":1}},"line":8}},"f":{"0":4}}
,"D:\\RS_School\\react-redux-rtk\\rs-school\\src\\components\\Book\\Book.tsx": {"path":"D:\\RS_School\\react-redux-rtk\\rs-school\\src\\components\\Book\\Book.tsx","all":false,"statementMap":{"0":{"start":{"line":1,"column":0},"end":{"line":1,"column":26}},"1":{"start":{"line":2,"column":0},"end":{"line":2,"column":42}},"2":{"start":{"line":3,"column":0},"end":{"line":3,"column":0}},"3":{"start":{"line":4,"column":0},"end":{"line":4,"column":52}},"4":{"start":{"line":5,"column":0},"end":{"line":5,"column":78}},"5":{"start":{"line":6,"column":0},"end":{"line":6,"column":9}},"6":{"start":{"line":7,"column":0},"end":{"line":7,"column":0}},"7":{"start":{"line":8,"column":0},"end":{"line":8,"column":41}},"8":{"start":{"line":9,"column":0},"end":{"line":9,"column":16}},"9":{"start":{"line":10,"column":0},"end":{"line":10,"column":30}},"10":{"start":{"line":11,"column":0},"end":{"line":11,"column":46}},"11":{"start":{"line":12,"column":0},"end":{"line":12,"column":14}},"12":{"start":{"line":13,"column":0},"end":{"line":13,"column":21}},"13":{"start":{"line":14,"column":0},"end":{"line":14,"column":7}},"14":{"start":{"line":15,"column":0},"end":{"line":15,"column":12}},"15":{"start":{"line":16,"column":0},"end":{"line":16,"column":27}},"16":{"start":{"line":17,"column":0},"end":{"line":17,"column":5}},"17":{"start":{"line":18,"column":0},"end":{"line":18,"column":4}},"18":{"start":{"line":19,"column":0},"end":{"line":19,"column":0}},"19":{"start":{"line":20,"column":0},"end":{"line":20,"column":10}},"20":{"start":{"line":21,"column":0},"end":{"line":21,"column":60}},"21":{"start":{"line":22,"column":0},"end":{"line":22,"column":40}},"22":{"start":{"line":23,"column":0},"end":{"line":23,"column":70}},"23":{"start":{"line":24,"column":0},"end":{"line":24,"column":66}},"24":{"start":{"line":25,"column":0},"end":{"line":25,"column":71}},"25":{"start":{"line":26,"column":0},"end":{"line":26,"column":54}},"26":{"start":{"line":27,"column":0},"end":{"line":27,"column":36}},"27":{"start":{"line":28,"column":0},"end":{"line":28,"column":14}},"28":{"start":{"line":29,"column":0},"end":{"line":29,"column":12}},"29":{"start":{"line":30,"column":0},"end":{"line":30,"column":43}},"30":{"start":{"line":31,"column":0},"end":{"line":31,"column":52}},"31":{"start":{"line":32,"column":0},"end":{"line":32,"column":42}},"32":{"start":{"line":33,"column":0},"end":{"line":33,"column":62}},"33":{"start":{"line":34,"column":0},"end":{"line":34,"column":15}},"34":{"start":{"line":35,"column":0},"end":{"line":35,"column":42}},"35":{"start":{"line":36,"column":0},"end":{"line":36,"column":74}},"36":{"start":{"line":37,"column":0},"end":{"line":37,"column":15}},"37":{"start":{"line":38,"column":0},"end":{"line":38,"column":42}},"38":{"start":{"line":39,"column":0},"end":{"line":39,"column":59}},"39":{"start":{"line":40,"column":0},"end":{"line":40,"column":15}},"40":{"start":{"line":41,"column":0},"end":{"line":41,"column":42}},"41":{"start":{"line":42,"column":0},"end":{"line":42,"column":61}},"42":{"start":{"line":43,"column":0},"end":{"line":43,"column":15}},"43":{"start":{"line":44,"column":0},"end":{"line":44,"column":13}},"44":{"start":{"line":45,"column":0},"end":{"line":45,"column":12}},"45":{"start":{"line":46,"column":0},"end":{"line":46,"column":10}},"46":{"start":{"line":47,"column":0},"end":{"line":47,"column":4}},"47":{"start":{"line":48,"column":0},"end":{"line":48,"column":1}}},"s":{"0":1,"1":1,"2":1,"3":1,"4":1,"5":1,"6":1,"7":1,"8":1,"9":1,"10":0,"11":1,"12":1,"13":1,"14":1,"15":0,"16":0,"17":1,"18":1,"19":1,"20":1,"21":1,"22":1,"23":1,"24":1,"25":1,"26":1,"27":1,"28":1,"29":1,"30":1,"31":1,"32":1,"33":1,"34":1,"35":1,"36":1,"37":1,"38":1,"39":1,"40":1,"41":1,"42":1,"43":1,"44":1,"45":1,"46":1,"47":1},"branchMap":{"0":{"type":"branch","line":4,"loc":{"start":{"line":4,"column":0},"end":{"line":48,"column":1}},"locations":[{"start":{"line":4,"column":0},"end":{"line":48,"column":1}}]},"1":{"type":"branch","line":33,"loc":{"start":{"line":33,"column":24},"end":{"line":33,"column":62}},"locations":[{"start":{"line":33,"column":24},"end":{"line":33,"column":62}}]},"2":{"type":"branch","line":36,"loc":{"start":{"line":36,"column":28},"end":{"line":36,"column":74}},"locations":[{"start":{"line":36,"column":28},"end":{"line":36,"column":74}}]},"3":{"type":"branch","line":39,"loc":{"start":{"line":39,"column":27},"end":{"line":39,"column":59}},"locations":[{"start":{"line":39,"column":27},"end":{"line":39,"column":59}}]},"4":{"type":"branch","line":42,"loc":{"start":{"line":42,"column":20},"end":{"line":42,"column":61}},"locations":[{"start":{"line":42,"column":20},"end":{"line":42,"column":61}}]},"5":{"type":"branch","line":8,"loc":{"start":{"line":8,"column":21},"end":{"line":18,"column":4}},"locations":[{"start":{"line":8,"column":21},"end":{"line":18,"column":4}}]},"6":{"type":"branch","line":10,"loc":{"start":{"line":10,"column":29},"end":{"line":12,"column":13}},"locations":[{"start":{"line":10,"column":29},"end":{"line":12,"column":13}}]},"7":{"type":"branch","line":15,"loc":{"start":{"line":15,"column":4},"end":{"line":17,"column":5}},"locations":[{"start":{"line":15,"column":4},"end":{"line":17,"column":5}}]}},"b":{"0":[1],"1":[0],"2":[0],"3":[0],"4":[0],"5":[1],"6":[0],"7":[0]},"fnMap":{"0":{"name":"Book","decl":{"start":{"line":4,"column":0},"end":{"line":48,"column":1}},"loc":{"start":{"line":4,"column":0},"end":{"line":48,"column":1}},"line":4},"1":{"name":"shortField","decl":{"start":{"line":8,"column":21},"end":{"line":18,"column":4}},"loc":{"start":{"line":8,"column":21},"end":{"line":18,"column":4}},"line":8}},"f":{"0":1,"1":1}}
,"D:\\RS_School\\react-redux-rtk\\rs-school\\src\\components\\BookDetails\\BookDetails.tsx": {"path":"D:\\RS_School\\react-redux-rtk\\rs-school\\src\\components\\BookDetails\\BookDetails.tsx","all":false,"statementMap":{"0":{"start":{"line":1,"column":0},"end":{"line":1,"column":26}},"1":{"start":{"line":2,"column":0},"end":{"line":2,"column":45}},"2":{"start":{"line":3,"column":0},"end":{"line":3,"column":46}},"3":{"start":{"line":4,"column":0},"end":{"line":4,"column":52}},"4":{"start":{"line":5,"column":0},"end":{"line":5,"column":57}},"5":{"start":{"line":6,"column":0},"end":{"line":6,"column":0}},"6":{"start":{"line":7,"column":0},"end":{"line":7,"column":39}},"7":{"start":{"line":8,"column":0},"end":{"line":8,"column":30}},"8":{"start":{"line":9,"column":0},"end":{"line":9,"column":0}},"9":{"start":{"line":10,"column":0},"end":{"line":10,"column":9}},"10":{"start":{"line":11,"column":0},"end":{"line":11,"column":22}},"11":{"start":{"line":12,"column":0},"end":{"line":12,"column":30}},"12":{"start":{"line":13,"column":0},"end":{"line":13,"column":15}},"13":{"start":{"line":14,"column":0},"end":{"line":14,"column":12}},"14":{"start":{"line":15,"column":0},"end":{"line":15,"column":54}},"15":{"start":{"line":16,"column":0},"end":{"line":16,"column":0}},"16":{"start":{"line":17,"column":0},"end":{"line":17,"column":16}},"17":{"start":{"line":18,"column":0},"end":{"line":18,"column":48}},"18":{"start":{"line":19,"column":0},"end":{"line":19,"column":3}},"19":{"start":{"line":20,"column":0},"end":{"line":20,"column":0}},"20":{"start":{"line":21,"column":0},"end":{"line":21,"column":37}},"21":{"start":{"line":22,"column":0},"end":{"line":22,"column":12}},"22":{"start":{"line":23,"column":0},"end":{"line":23,"column":27}},"23":{"start":{"line":24,"column":0},"end":{"line":24,"column":49}},"24":{"start":{"line":25,"column":0},"end":{"line":25,"column":12}},"25":{"start":{"line":26,"column":0},"end":{"line":26,"column":6}},"26":{"start":{"line":27,"column":0},"end":{"line":27,"column":10}},"27":{"start":{"line":28,"column":0},"end":{"line":28,"column":22}},"28":{"start":{"line":29,"column":0},"end":{"line":29,"column":14}},"29":{"start":{"line":30,"column":0},"end":{"line":30,"column":29}},"30":{"start":{"line":31,"column":0},"end":{"line":31,"column":54}},"31":{"start":{"line":32,"column":0},"end":{"line":32,"column":14}},"32":{"start":{"line":33,"column":0},"end":{"line":33,"column":8}},"33":{"start":{"line":34,"column":0},"end":{"line":34,"column":12}},"34":{"start":{"line":35,"column":0},"end":{"line":35,"column":14}},"35":{"start":{"line":36,"column":0},"end":{"line":36,"column":29}},"36":{"start":{"line":37,"column":0},"end":{"line":37,"column":46}},"37":{"start":{"line":38,"column":0},"end":{"line":38,"column":14}},"38":{"start":{"line":39,"column":0},"end":{"line":39,"column":8}},"39":{"start":{"line":40,"column":0},"end":{"line":40,"column":5}},"40":{"start":{"line":41,"column":0},"end":{"line":41,"column":3}},"41":{"start":{"line":42,"column":0},"end":{"line":42,"column":1}}},"s":{"0":1,"1":1,"2":1,"3":1,"4":1,"5":1,"6":2,"7":2,"8":2,"9":2,"10":2,"11":2,"12":2,"13":2,"14":2,"15":2,"16":2,"17":0,"18":0,"19":2,"20":2,"21":0,"22":0,"23":0,"24":0,"25":0,"26":2,"27":2,"28":0,"29":0,"30":0,"31":0,"32":0,"33":2,"34":2,"35":2,"36":2,"37":2,"38":2,"39":2,"40":2,"41":2},"branchMap":{"0":{"type":"branch","line":7,"loc":{"start":{"line":7,"column":0},"end":{"line":42,"column":1}},"locations":[{"start":{"line":7,"column":0},"end":{"line":42,"column":1}}]},"1":{"type":"branch","line":17,"loc":{"start":{"line":17,"column":15},"end":{"line":19,"column":3}},"locations":[{"start":{"line":17,"column":15},"end":{"line":19,"column":3}}]},"2":{"type":"branch","line":21,"loc":{"start":{"line":21,"column":36},"end":{"line":27,"column":9}},"locations":[{"start":{"line":21,"column":36},"end":{"line":27,"column":9}}]},"3":{"type":"branch","line":28,"loc":{"start":{"line":28,"column":21},"end":{"line":34,"column":11}},"locations":[{"start":{"line":28,"column":21},"end":{"line":34,"column":11}}]}},"b":{"0":[2],"1":[0],"2":[0],"3":[0]},"fnMap":{"0":{"name":"BookDetails","decl":{"start":{"line":7,"column":0},"end":{"line":42,"column":1}},"loc":{"start":{"line":7,"column":0},"end":{"line":42,"column":1}},"line":7}},"f":{"0":2}}
,"D:\\RS_School\\react-redux-rtk\\rs-school\\src\\components\\BookDetails\\DetailsSection.tsx": {"path":"D:\\RS_School\\react-redux-rtk\\rs-school\\src\\components\\BookDetails\\DetailsSection.tsx","all":false,"statementMap":{"0":{"start":{"line":1,"column":0},"end":{"line":1,"column":47}},"1":{"start":{"line":2,"column":0},"end":{"line":2,"column":47}},"2":{"start":{"line":3,"column":0},"end":{"line":3,"column":49}},"3":{"start":{"line":4,"column":0},"end":{"line":4,"column":0}},"4":{"start":{"line":5,"column":0},"end":{"line":5,"column":62}},"5":{"start":{"line":6,"column":0},"end":{"line":6,"column":33}},"6":{"start":{"line":7,"column":0},"end":{"line":7,"column":76}},"7":{"start":{"line":8,"column":0},"end":{"line":8,"column":0}},"8":{"start":{"line":9,"column":0},"end":{"line":9,"column":10}},"9":{"start":{"line":10,"column":0},"end":{"line":10,"column":25}},"10":{"start":{"line":11,"column":0},"end":{"line":11,"column":44}},"11":{"start":{"line":12,"column":0},"end":{"line":12,"column":35}},"12":{"start":{"line":13,"column":0},"end":{"line":13,"column":33}},"13":{"start":{"line":14,"column":0},"end":{"line":14,"column":16}},"14":{"start":{"line":15,"column":0},"end":{"line":15,"column":65}},"15":{"start":{"line":16,"column":0},"end":{"line":16,"column":37}},"16":{"start":{"line":17,"column":0},"end":{"line":17,"column":24}},"17":{"start":{"line":18,"column":0},"end":{"line":18,"column":38}},"18":{"start":{"line":19,"column":0},"end":{"line":19,"column":25}},"19":{"start":{"line":20,"column":0},"end":{"line":20,"column":14}},"20":{"start":{"line":21,"column":0},"end":{"line":21,"column":15}},"21":{"start":{"line":22,"column":0},"end":{"line":22,"column":51}},"22":{"start":{"line":23,"column":0},"end":{"line":23,"column":52}},"23":{"start":{"line":24,"column":0},"end":{"line":24,"column":17}},"24":{"start":{"line":25,"column":0},"end":{"line":25,"column":12}},"25":{"start":{"line":26,"column":0},"end":{"line":26,"column":42}},"26":{"start":{"line":27,"column":0},"end":{"line":27,"column":68}},"27":{"start":{"line":28,"column":0},"end":{"line":28,"column":15}},"28":{"start":{"line":29,"column":0},"end":{"line":29,"column":65}},"29":{"start":{"line":30,"column":0},"end":{"line":30,"column":34}},"30":{"start":{"line":31,"column":0},"end":{"line":31,"column":15}},"31":{"start":{"line":32,"column":0},"end":{"line":32,"column":47}},"32":{"start":{"line":33,"column":0},"end":{"line":33,"column":19}},"33":{"start":{"line":34,"column":0},"end":{"line":34,"column":27}},"34":{"start":{"line":35,"column":0},"end":{"line":35,"column":33}},"35":{"start":{"line":36,"column":0},"end":{"line":36,"column":41}},"36":{"start":{"line":37,"column":0},"end":{"line":37,"column":56}},"37":{"start":{"line":38,"column":0},"end":{"line":38,"column":13}},"38":{"start":{"line":39,"column":0},"end":{"line":39,"column":19}},"39":{"start":{"line":40,"column":0},"end":{"line":40,"column":21}},"40":{"start":{"line":41,"column":0},"end":{"line":41,"column":16}},"41":{"start":{"line":42,"column":0},"end":{"line":42,"column":14}},"42":{"start":{"line":43,"column":0},"end":{"line":43,"column":12}},"43":{"start":{"line":44,"column":0},"end":{"line":44,"column":10}},"44":{"start":{"line":45,"column":0},"end":{"line":45,"column":4}},"45":{"start":{"line":46,"column":0},"end":{"line":46,"column":2}},"46":{"start":{"line":47,"column":0},"end":{"line":47,"column":0}},"47":{"start":{"line":48,"column":0},"end":{"line":48,"column":30}}},"s":{"0":1,"1":1,"2":1,"3":1,"4":1,"5":3,"6":3,"7":3,"8":3,"9":3,"10":3,"11":3,"12":3,"13":0,"14":0,"15":0,"16":0,"17":0,"18":0,"19":0,"20":3,"21":3,"22":3,"23":3,"24":3,"25":3,"26":3,"27":3,"28":3,"29":3,"30":3,"31":3,"32":3,"33":3,"34":3,"35":3,"36":3,"37":3,"38":3,"39":3,"40":3,"41":3,"42":3,"43":3,"44":3,"45":3,"46":1,"47":1},"branchMap":{"0":{"type":"branch","line":5,"loc":{"start":{"line":5,"column":23},"end":{"line":46,"column":2}},"locations":[{"start":{"line":5,"column":23},"end":{"line":46,"column":2}}]},"1":{"type":"branch","line":13,"loc":{"start":{"line":13,"column":23},"end":{"line":20,"column":14}},"locations":[{"start":{"line":13,"column":23},"end":{"line":20,"column":14}}]},"2":{"type":"branch","line":27,"loc":{"start":{"line":27,"column":45},"end":{"line":27,"column":68}},"locations":[{"start":{"line":27,"column":45},"end":{"line":27,"column":68}}]},"3":{"type":"branch","line":7,"loc":{"start":{"line":7,"column":36},"end":{"line":7,"column":74}},"locations":[{"start":{"line":7,"column":36},"end":{"line":7,"column":74}}]},"4":{"type":"branch","line":37,"loc":{"start":{"line":37,"column":23},"end":{"line":37,"column":56}},"locations":[{"start":{"line":37,"column":23},"end":{"line":37,"column":56}}]}},"b":{"0":[3],"1":[0],"2":[0],"3":[5],"4":[1]},"fnMap":{"0":{"name":"DetailsSection","decl":{"start":{"line":5,"column":23},"end":{"line":46,"column":2}},"loc":{"start":{"line":5,"column":23},"end":{"line":46,"column":2}},"line":5},"1":{"name":"onClick","decl":{"start":{"line":37,"column":23},"end":{"line":37,"column":56}},"loc":{"start":{"line":37,"column":23},"end":{"line":37,"column":56}},"line":37}},"f":{"0":3,"1":1}}
,"D:\\RS_School\\react-redux-rtk\\rs-school\\src\\components\\BookList\\BookList.tsx": {"path":"D:\\RS_School\\react-redux-rtk\\rs-school\\src\\components\\BookList\\BookList.tsx","all":false,"statementMap":{"0":{"start":{"line":1,"column":0},"end":{"line":1,"column":26}},"1":{"start":{"line":2,"column":0},"end":{"line":2,"column":40}},"2":{"start":{"line":3,"column":0},"end":{"line":3,"column":32}},"3":{"start":{"line":4,"column":0},"end":{"line":4,"column":49}},"4":{"start":{"line":5,"column":0},"end":{"line":5,"column":52}},"5":{"start":{"line":6,"column":0},"end":{"line":6,"column":0}},"6":{"start":{"line":7,"column":0},"end":{"line":7,"column":36}},"7":{"start":{"line":8,"column":0},"end":{"line":8,"column":38}},"8":{"start":{"line":9,"column":0},"end":{"line":9,"column":48}},"9":{"start":{"line":10,"column":0},"end":{"line":10,"column":4}},"10":{"start":{"line":11,"column":0},"end":{"line":11,"column":76}},"11":{"start":{"line":12,"column":0},"end":{"line":12,"column":74}},"12":{"start":{"line":13,"column":0},"end":{"line":13,"column":0}},"13":{"start":{"line":14,"column":0},"end":{"line":14,"column":48}},"14":{"start":{"line":15,"column":0},"end":{"line":15,"column":16}},"15":{"start":{"line":16,"column":0},"end":{"line":16,"column":15}},"16":{"start":{"line":17,"column":0},"end":{"line":17,"column":17}},"17":{"start":{"line":18,"column":0},"end":{"line":18,"column":5}},"18":{"start":{"line":19,"column":0},"end":{"line":19,"column":0}},"19":{"start":{"line":20,"column":0},"end":{"line":20,"column":13}},"20":{"start":{"line":21,"column":0},"end":{"line":21,"column":12}},"21":{"start":{"line":22,"column":0},"end":{"line":22,"column":27}},"22":{"start":{"line":23,"column":0},"end":{"line":23,"column":21}},"23":{"start":{"line":24,"column":0},"end":{"line":24,"column":57}},"24":{"start":{"line":25,"column":0},"end":{"line":25,"column":36}},"25":{"start":{"line":26,"column":0},"end":{"line":26,"column":55}},"26":{"start":{"line":27,"column":0},"end":{"line":27,"column":68}},"27":{"start":{"line":28,"column":0},"end":{"line":28,"column":36}},"28":{"start":{"line":29,"column":0},"end":{"line":29,"column":21}},"29":{"start":{"line":30,"column":0},"end":{"line":30,"column":17}},"30":{"start":{"line":31,"column":0},"end":{"line":31,"column":13}},"31":{"start":{"line":32,"column":0},"end":{"line":32,"column":13}},"32":{"start":{"line":33,"column":0},"end":{"line":33,"column":12}},"33":{"start":{"line":34,"column":0},"end":{"line":34,"column":6}},"34":{"start":{"line":35,"column":0},"end":{"line":35,"column":10}},"35":{"start":{"line":36,"column":0},"end":{"line":36,"column":41}},"36":{"start":{"line":37,"column":0},"end":{"line":37,"column":3}},"37":{"start":{"line":38,"column":0},"end":{"line":38,"column":1}}},"s":{"0":1,"1":1,"2":1,"3":1,"4":1,"5":1,"6":4,"7":4,"8":4,"9":4,"10":4,"11":4,"12":4,"13":4,"14":4,"15":4,"16":4,"17":4,"18":4,"19":4,"20":0,"21":0,"22":0,"23":0,"24":0,"25":0,"26":0,"27":0,"28":0,"29":0,"30":0,"31":0,"32":0,"33":0,"34":4,"35":4,"36":4,"37":4},"branchMap":{"0":{"type":"branch","line":7,"loc":{"start":{"line":7,"column":0},"end":{"line":38,"column":1}},"locations":[{"start":{"line":7,"column":0},"end":{"line":38,"column":1}}]},"1":{"type":"branch","line":20,"loc":{"start":{"line":20,"column":12},"end":{"line":35,"column":9}},"locations":[{"start":{"line":20,"column":12},"end":{"line":35,"column":9}}]},"2":{"type":"branch","line":9,"loc":{"start":{"line":9,"column":4},"end":{"line":9,"column":48}},"locations":[{"start":{"line":9,"column":4},"end":{"line":9,"column":48}}]},"3":{"type":"branch","line":11,"loc":{"start":{"line":11,"column":36},"end":{"line":11,"column":74}},"locations":[{"start":{"line":11,"column":36},"end":{"line":11,"column":74}}]},"4":{"type":"branch","line":12,"loc":{"start":{"line":12,"column":37},"end":{"line":12,"column":72}},"locations":[{"start":{"line":12,"column":37},"end":{"line":12,"column":72}}]}},"b":{"0":[4],"1":[0],"2":[12],"3":[12],"4":[12]},"fnMap":{"0":{"name":"BookList","decl":{"start":{"line":7,"column":0},"end":{"line":38,"column":1}},"loc":{"start":{"line":7,"column":0},"end":{"line":38,"column":1}},"line":7}},"f":{"0":4}}
,"D:\\RS_School\\react-redux-rtk\\rs-school\\src\\components\\PageNumbersSection\\PageNumbersSection.tsx": {"path":"D:\\RS_School\\react-redux-rtk\\rs-school\\src\\components\\PageNumbersSection\\PageNumbersSection.tsx","all":false,"statementMap":{"0":{"start":{"line":1,"column":0},"end":{"line":1,"column":26}},"1":{"start":{"line":2,"column":0},"end":{"line":2,"column":65}},"2":{"start":{"line":3,"column":0},"end":{"line":3,"column":63}},"3":{"start":{"line":4,"column":0},"end":{"line":4,"column":58}},"4":{"start":{"line":5,"column":0},"end":{"line":5,"column":47}},"5":{"start":{"line":6,"column":0},"end":{"line":6,"column":0}},"6":{"start":{"line":7,"column":0},"end":{"line":7,"column":46}},"7":{"start":{"line":8,"column":0},"end":{"line":8,"column":33}},"8":{"start":{"line":9,"column":0},"end":{"line":9,"column":36}},"9":{"start":{"line":10,"column":0},"end":{"line":10,"column":38}},"10":{"start":{"line":11,"column":0},"end":{"line":11,"column":48}},"11":{"start":{"line":12,"column":0},"end":{"line":12,"column":4}},"12":{"start":{"line":13,"column":0},"end":{"line":13,"column":76}},"13":{"start":{"line":14,"column":0},"end":{"line":14,"column":74}},"14":{"start":{"line":15,"column":0},"end":{"line":15,"column":0}},"15":{"start":{"line":16,"column":0},"end":{"line":16,"column":37}},"16":{"start":{"line":17,"column":0},"end":{"line":17,"column":16}},"17":{"start":{"line":18,"column":0},"end":{"line":18,"column":15}},"18":{"start":{"line":19,"column":0},"end":{"line":19,"column":17}},"19":{"start":{"line":20,"column":0},"end":{"line":20,"column":5}},"20":{"start":{"line":21,"column":0},"end":{"line":21,"column":0}},"21":{"start":{"line":22,"column":0},"end":{"line":22,"column":75}},"22":{"start":{"line":23,"column":0},"end":{"line":23,"column":33}},"23":{"start":{"line":24,"column":0},"end":{"line":24,"column":0}},"24":{"start":{"line":25,"column":0},"end":{"line":25,"column":19}},"25":{"start":{"line":26,"column":0},"end":{"line":26,"column":42}},"26":{"start":{"line":27,"column":0},"end":{"line":27,"column":28}},"27":{"start":{"line":28,"column":0},"end":{"line":28,"column":5}},"28":{"start":{"line":29,"column":0},"end":{"line":29,"column":3}},"29":{"start":{"line":30,"column":0},"end":{"line":30,"column":0}},"30":{"start":{"line":31,"column":0},"end":{"line":31,"column":54}},"31":{"start":{"line":32,"column":0},"end":{"line":32,"column":12}},"32":{"start":{"line":33,"column":0},"end":{"line":33,"column":51}},"33":{"start":{"line":34,"column":0},"end":{"line":34,"column":14}},"34":{"start":{"line":35,"column":0},"end":{"line":35,"column":22}},"35":{"start":{"line":36,"column":0},"end":{"line":36,"column":29}},"36":{"start":{"line":37,"column":0},"end":{"line":37,"column":31}},"37":{"start":{"line":38,"column":0},"end":{"line":38,"column":35}},"38":{"start":{"line":39,"column":0},"end":{"line":39,"column":33}},"39":{"start":{"line":40,"column":0},"end":{"line":40,"column":22}},"40":{"start":{"line":41,"column":0},"end":{"line":41,"column":39}},"41":{"start":{"line":42,"column":0},"end":{"line":42,"column":27}},"42":{"start":{"line":43,"column":0},"end":{"line":43,"column":42}},"43":{"start":{"line":44,"column":0},"end":{"line":44,"column":33}},"44":{"start":{"line":45,"column":0},"end":{"line":45,"column":12}},"45":{"start":{"line":46,"column":0},"end":{"line":46,"column":10}},"46":{"start":{"line":47,"column":0},"end":{"line":47,"column":80}},"47":{"start":{"line":48,"column":0},"end":{"line":48,"column":16}},"48":{"start":{"line":49,"column":0},"end":{"line":49,"column":16}},"49":{"start":{"line":50,"column":0},"end":{"line":50,"column":11}},"50":{"start":{"line":51,"column":0},"end":{"line":51,"column":6}},"51":{"start":{"line":52,"column":0},"end":{"line":52,"column":5}},"52":{"start":{"line":53,"column":0},"end":{"line":53,"column":0}},"53":{"start":{"line":54,"column":0},"end":{"line":54,"column":13}},"54":{"start":{"line":55,"column":0},"end":{"line":55,"column":12}},"55":{"start":{"line":56,"column":0},"end":{"line":56,"column":78}},"56":{"start":{"line":57,"column":0},"end":{"line":57,"column":64}},"57":{"start":{"line":58,"column":0},"end":{"line":58,"column":32}},"58":{"start":{"line":59,"column":0},"end":{"line":59,"column":14}},"59":{"start":{"line":60,"column":0},"end":{"line":60,"column":11}},"60":{"start":{"line":61,"column":0},"end":{"line":61,"column":21}},"61":{"start":{"line":62,"column":0},"end":{"line":62,"column":35}},"62":{"start":{"line":63,"column":0},"end":{"line":63,"column":47}},"63":{"start":{"line":64,"column":0},"end":{"line":64,"column":9}},"64":{"start":{"line":65,"column":0},"end":{"line":65,"column":23}},"65":{"start":{"line":66,"column":0},"end":{"line":66,"column":13}},"66":{"start":{"line":67,"column":0},"end":{"line":67,"column":12}},"67":{"start":{"line":68,"column":0},"end":{"line":68,"column":6}},"68":{"start":{"line":69,"column":0},"end":{"line":69,"column":10}},"69":{"start":{"line":70,"column":0},"end":{"line":70,"column":17}},"70":{"start":{"line":71,"column":0},"end":{"line":71,"column":3}},"71":{"start":{"line":72,"column":0},"end":{"line":72,"column":1}}},"s":{"0":1,"1":1,"2":1,"3":1,"4":1,"5":1,"6":2,"7":2,"8":2,"9":2,"10":2,"11":2,"12":2,"13":2,"14":2,"15":2,"16":2,"17":2,"18":2,"19":2,"20":2,"21":2,"22":2,"23":2,"24":2,"25":0,"26":0,"27":0,"28":0,"29":2,"30":2,"31":0,"32":0,"33":0,"34":0,"35":0,"36":0,"37":0,"38":0,"39":0,"40":0,"41":0,"42":0,"43":0,"44":0,"45":0,"46":0,"47":0,"48":0,"49":0,"50":0,"51":2,"52":2,"53":2,"54":0,"55":0,"56":0,"57":0,"58":0,"59":0,"60":0,"61":0,"62":0,"63":0,"64":0,"65":0,"66":0,"67":0,"68":2,"69":2,"70":2,"71":2},"branchMap":{"0":{"type":"branch","line":7,"loc":{"start":{"line":7,"column":0},"end":{"line":72,"column":1}},"locations":[{"start":{"line":7,"column":0},"end":{"line":72,"column":1}}]},"1":{"type":"branch","line":22,"loc":{"start":{"line":22,"column":21},"end":{"line":22,"column":70}},"locations":[{"start":{"line":22,"column":21},"end":{"line":22,"column":70}}]},"2":{"type":"branch","line":25,"loc":{"start":{"line":25,"column":18},"end":{"line":29,"column":3}},"locations":[{"start":{"line":25,"column":18},"end":{"line":29,"column":3}}]},"3":{"type":"branch","line":54,"loc":{"start":{"line":54,"column":12},"end":{"line":69,"column":9}},"locations":[{"start":{"line":54,"column":12},"end":{"line":69,"column":9}}]},"4":{"type":"branch","line":11,"loc":{"start":{"line":11,"column":4},"end":{"line":11,"column":48}},"locations":[{"start":{"line":11,"column":4},"end":{"line":11,"column":48}}]},"5":{"type":"branch","line":13,"loc":{"start":{"line":13,"column":36},"end":{"line":13,"column":74}},"locations":[{"start":{"line":13,"column":36},"end":{"line":13,"column":74}}]},"6":{"type":"branch","line":14,"loc":{"start":{"line":14,"column":37},"end":{"line":14,"column":72}},"locations":[{"start":{"line":14,"column":37},"end":{"line":14,"column":72}}]}},"b":{"0":[2],"1":[0],"2":[0],"3":[0],"4":[6],"5":[6],"6":[6]},"fnMap":{"0":{"name":"PageNumbersSection","decl":{"start":{"line":7,"column":0},"end":{"line":72,"column":1}},"loc":{"start":{"line":7,"column":0},"end":{"line":72,"column":1}},"line":7}},"f":{"0":2}}
,"D:\\RS_School\\react-redux-rtk\\rs-school\\src\\components\\ResultSection\\ResultSection.tsx": {"path":"D:\\RS_School\\react-redux-rtk\\rs-school\\src\\components\\ResultSection\\ResultSection.tsx","all":false,"statementMap":{"0":{"start":{"line":1,"column":0},"end":{"line":1,"column":41}},"1":{"start":{"line":2,"column":0},"end":{"line":2,"column":55}},"2":{"start":{"line":3,"column":0},"end":{"line":3,"column":0}},"3":{"start":{"line":4,"column":0},"end":{"line":4,"column":74}},"4":{"start":{"line":5,"column":0},"end":{"line":5,"column":44}},"5":{"start":{"line":6,"column":0},"end":{"line":6,"column":65}},"6":{"start":{"line":7,"column":0},"end":{"line":7,"column":52}},"7":{"start":{"line":8,"column":0},"end":{"line":8,"column":63}},"8":{"start":{"line":9,"column":0},"end":{"line":9,"column":0}},"9":{"start":{"line":10,"column":0},"end":{"line":10,"column":41}},"10":{"start":{"line":11,"column":0},"end":{"line":11,"column":33}},"11":{"start":{"line":12,"column":0},"end":{"line":12,"column":36}},"12":{"start":{"line":13,"column":0},"end":{"line":13,"column":0}},"13":{"start":{"line":14,"column":0},"end":{"line":14,"column":38}},"14":{"start":{"line":15,"column":0},"end":{"line":15,"column":48}},"15":{"start":{"line":16,"column":0},"end":{"line":16,"column":4}},"16":{"start":{"line":17,"column":0},"end":{"line":17,"column":74}},"17":{"start":{"line":18,"column":0},"end":{"line":18,"column":76}},"18":{"start":{"line":19,"column":0},"end":{"line":19,"column":0}},"19":{"start":{"line":20,"column":0},"end":{"line":20,"column":9}},"20":{"start":{"line":21,"column":0},"end":{"line":21,"column":9}},"21":{"start":{"line":22,"column":0},"end":{"line":22,"column":29}},"22":{"start":{"line":23,"column":0},"end":{"line":23,"column":15}},"23":{"start":{"line":24,"column":0},"end":{"line":24,"column":12}},"24":{"start":{"line":25,"column":0},"end":{"line":25,"column":35}},"25":{"start":{"line":26,"column":0},"end":{"line":26,"column":16}},"26":{"start":{"line":27,"column":0},"end":{"line":27,"column":15}},"27":{"start":{"line":28,"column":0},"end":{"line":28,"column":17}},"28":{"start":{"line":29,"column":0},"end":{"line":29,"column":5}},"29":{"start":{"line":30,"column":0},"end":{"line":30,"column":0}},"30":{"start":{"line":31,"column":0},"end":{"line":31,"column":19}},"31":{"start":{"line":32,"column":0},"end":{"line":32,"column":19}},"32":{"start":{"line":33,"column":0},"end":{"line":33,"column":31}},"33":{"start":{"line":34,"column":0},"end":{"line":34,"column":34}},"34":{"start":{"line":35,"column":0},"end":{"line":35,"column":0}},"35":{"start":{"line":36,"column":0},"end":{"line":36,"column":16}},"36":{"start":{"line":37,"column":0},"end":{"line":37,"column":48}},"37":{"start":{"line":38,"column":0},"end":{"line":38,"column":3}},"38":{"start":{"line":39,"column":0},"end":{"line":39,"column":0}},"39":{"start":{"line":40,"column":0},"end":{"line":40,"column":36}},"40":{"start":{"line":41,"column":0},"end":{"line":41,"column":31}},"41":{"start":{"line":42,"column":0},"end":{"line":42,"column":10}},"42":{"start":{"line":43,"column":0},"end":{"line":43,"column":45}},"43":{"start":{"line":44,"column":0},"end":{"line":44,"column":14}},"44":{"start":{"line":45,"column":0},"end":{"line":45,"column":13}},"45":{"start":{"line":46,"column":0},"end":{"line":46,"column":32}},"46":{"start":{"line":47,"column":0},"end":{"line":47,"column":31}},"47":{"start":{"line":48,"column":0},"end":{"line":48,"column":24}},"48":{"start":{"line":49,"column":0},"end":{"line":49,"column":22}},"49":{"start":{"line":50,"column":0},"end":{"line":50,"column":16}},"50":{"start":{"line":51,"column":0},"end":{"line":51,"column":14}},"51":{"start":{"line":52,"column":0},"end":{"line":52,"column":8}},"52":{"start":{"line":53,"column":0},"end":{"line":53,"column":12}},"53":{"start":{"line":54,"column":0},"end":{"line":54,"column":39}},"54":{"start":{"line":55,"column":0},"end":{"line":55,"column":5}},"55":{"start":{"line":56,"column":0},"end":{"line":56,"column":3}},"56":{"start":{"line":57,"column":0},"end":{"line":57,"column":1}}},"s":{"0":1,"1":1,"2":1,"3":1,"4":1,"5":1,"6":1,"7":1,"8":1,"9":3,"10":3,"11":3,"12":3,"13":3,"14":3,"15":3,"16":3,"17":3,"18":3,"19":3,"20":3,"21":3,"22":3,"23":3,"24":3,"25":3,"26":3,"27":3,"28":3,"29":3,"30":3,"31":1,"32":1,"33":3,"34":3,"35":3,"36":0,"37":0,"38":3,"39":3,"40":3,"41":3,"42":0,"43":0,"44":0,"45":0,"46":0,"47":0,"48":0,"49":0,"50":0,"51":0,"52":0,"53":0,"54":0,"55":0,"56":3},"branchMap":{"0":{"type":"branch","line":10,"loc":{"start":{"line":10,"column":0},"end":{"line":57,"column":1}},"locations":[{"start":{"line":10,"column":0},"end":{"line":57,"column":1}}]},"1":{"type":"branch","line":36,"loc":{"start":{"line":36,"column":15},"end":{"line":38,"column":3}},"locations":[{"start":{"line":36,"column":15},"end":{"line":38,"column":3}}]},"2":{"type":"branch","line":40,"loc":{"start":{"line":40,"column":6},"end":{"line":40,"column":35}},"locations":[{"start":{"line":40,"column":6},"end":{"line":40,"column":35}}]},"3":{"type":"branch","line":42,"loc":{"start":{"line":42,"column":2},"end":{"line":56,"column":3}},"locations":[{"start":{"line":42,"column":2},"end":{"line":56,"column":3}}]},"4":{"type":"branch","line":15,"loc":{"start":{"line":15,"column":4},"end":{"line":15,"column":48}},"locations":[{"start":{"line":15,"column":4},"end":{"line":15,"column":48}}]},"5":{"type":"branch","line":17,"loc":{"start":{"line":17,"column":37},"end":{"line":17,"column":72}},"locations":[{"start":{"line":17,"column":37},"end":{"line":17,"column":72}}]},"6":{"type":"branch","line":18,"loc":{"start":{"line":18,"column":36},"end":{"line":18,"column":74}},"locations":[{"start":{"line":18,"column":36},"end":{"line":18,"column":74}}]},"7":{"type":"branch","line":31,"loc":{"start":{"line":31,"column":12},"end":{"line":34,"column":5}},"locations":[{"start":{"line":31,"column":12},"end":{"line":34,"column":5}}]}},"b":{"0":[3],"1":[0],"2":[0],"3":[0],"4":[8],"5":[8],"6":[8],"7":[1]},"fnMap":{"0":{"name":"ResultSection","decl":{"start":{"line":10,"column":0},"end":{"line":57,"column":1}},"loc":{"start":{"line":10,"column":0},"end":{"line":57,"column":1}},"line":10}},"f":{"0":3}}
,"D:\\RS_School\\react-redux-rtk\\rs-school\\src\\components\\TopSection\\TopSection.tsx": {"path":"D:\\RS_School\\react-redux-rtk\\rs-school\\src\\components\\TopSection\\TopSection.tsx","all":false,"statementMap":{"0":{"start":{"line":1,"column":0},"end":{"line":1,"column":64}},"1":{"start":{"line":2,"column":0},"end":{"line":2,"column":65}},"2":{"start":{"line":3,"column":0},"end":{"line":3,"column":55}},"3":{"start":{"line":4,"column":0},"end":{"line":4,"column":64}},"4":{"start":{"line":5,"column":0},"end":{"line":5,"column":60}},"5":{"start":{"line":6,"column":0},"end":{"line":6,"column":0}},"6":{"start":{"line":7,"column":0},"end":{"line":7,"column":38}},"7":{"start":{"line":8,"column":0},"end":{"line":8,"column":33}},"8":{"start":{"line":9,"column":0},"end":{"line":9,"column":36}},"9":{"start":{"line":10,"column":0},"end":{"line":10,"column":38}},"10":{"start":{"line":11,"column":0},"end":{"line":11,"column":48}},"11":{"start":{"line":12,"column":0},"end":{"line":12,"column":4}},"12":{"start":{"line":13,"column":0},"end":{"line":13,"column":0}},"13":{"start":{"line":14,"column":0},"end":{"line":14,"column":41}},"14":{"start":{"line":15,"column":0},"end":{"line":15,"column":47}},"15":{"start":{"line":16,"column":0},"end":{"line":16,"column":56}},"16":{"start":{"line":17,"column":0},"end":{"line":17,"column":59}},"17":{"start":{"line":18,"column":0},"end":{"line":18,"column":0}},"18":{"start":{"line":19,"column":0},"end":{"line":19,"column":65}},"19":{"start":{"line":20,"column":0},"end":{"line":20,"column":29}},"20":{"start":{"line":21,"column":0},"end":{"line":21,"column":26}},"21":{"start":{"line":22,"column":0},"end":{"line":22,"column":21}},"22":{"start":{"line":23,"column":0},"end":{"line":23,"column":3}},"23":{"start":{"line":24,"column":0},"end":{"line":24,"column":0}},"24":{"start":{"line":25,"column":0},"end":{"line":25,"column":62}},"25":{"start":{"line":26,"column":0},"end":{"line":26,"column":23}},"26":{"start":{"line":27,"column":0},"end":{"line":27,"column":31}},"27":{"start":{"line":28,"column":0},"end":{"line":28,"column":16}},"28":{"start":{"line":29,"column":0},"end":{"line":29,"column":38}},"29":{"start":{"line":30,"column":0},"end":{"line":30,"column":23}},"30":{"start":{"line":31,"column":0},"end":{"line":31,"column":27}},"31":{"start":{"line":32,"column":0},"end":{"line":32,"column":12}},"32":{"start":{"line":33,"column":0},"end":{"line":33,"column":24}},"33":{"start":{"line":34,"column":0},"end":{"line":34,"column":5}},"34":{"start":{"line":35,"column":0},"end":{"line":35,"column":3}},"35":{"start":{"line":36,"column":0},"end":{"line":36,"column":0}},"36":{"start":{"line":37,"column":0},"end":{"line":37,"column":49}},"37":{"start":{"line":38,"column":0},"end":{"line":38,"column":57}},"38":{"start":{"line":39,"column":0},"end":{"line":39,"column":74}},"39":{"start":{"line":40,"column":0},"end":{"line":40,"column":14}},"40":{"start":{"line":41,"column":0},"end":{"line":41,"column":15}},"41":{"start":{"line":42,"column":0},"end":{"line":42,"column":7}},"42":{"start":{"line":43,"column":0},"end":{"line":43,"column":0}},"43":{"start":{"line":44,"column":0},"end":{"line":44,"column":16}},"44":{"start":{"line":45,"column":0},"end":{"line":45,"column":9}},"45":{"start":{"line":46,"column":0},"end":{"line":46,"column":0}},"46":{"start":{"line":47,"column":0},"end":{"line":47,"column":19}},"47":{"start":{"line":48,"column":0},"end":{"line":48,"column":19}},"48":{"start":{"line":49,"column":0},"end":{"line":49,"column":9}},"49":{"start":{"line":50,"column":0},"end":{"line":50,"column":0}},"50":{"start":{"line":51,"column":0},"end":{"line":51,"column":10}},"51":{"start":{"line":52,"column":0},"end":{"line":52,"column":6}},"52":{"start":{"line":53,"column":0},"end":{"line":53,"column":46}},"53":{"start":{"line":54,"column":0},"end":{"line":54,"column":68}},"54":{"start":{"line":55,"column":0},"end":{"line":55,"column":30}},"55":{"start":{"line":56,"column":0},"end":{"line":56,"column":109}},"56":{"start":{"line":57,"column":0},"end":{"line":57,"column":27}},"57":{"start":{"line":58,"column":0},"end":{"line":58,"column":19}},"58":{"start":{"line":59,"column":0},"end":{"line":59,"column":35}},"59":{"start":{"line":60,"column":0},"end":{"line":60,"column":33}},"60":{"start":{"line":61,"column":0},"end":{"line":61,"column":42}},"61":{"start":{"line":62,"column":0},"end":{"line":62,"column":59}},"62":{"start":{"line":63,"column":0},"end":{"line":63,"column":34}},"63":{"start":{"line":64,"column":0},"end":{"line":64,"column":68}},"64":{"start":{"line":65,"column":0},"end":{"line":65,"column":62}},"65":{"start":{"line":66,"column":0},"end":{"line":66,"column":15}},"66":{"start":{"line":67,"column":0},"end":{"line":67,"column":13}},"67":{"start":{"line":68,"column":0},"end":{"line":68,"column":37}},"68":{"start":{"line":69,"column":0},"end":{"line":69,"column":21}},"69":{"start":{"line":70,"column":0},"end":{"line":70,"column":18}},"70":{"start":{"line":71,"column":0},"end":{"line":71,"column":50}},"71":{"start":{"line":72,"column":0},"end":{"line":72,"column":18}},"72":{"start":{"line":73,"column":0},"end":{"line":73,"column":35}},"73":{"start":{"line":74,"column":0},"end":{"line":74,"column":100}},"74":{"start":{"line":75,"column":0},"end":{"line":75,"column":13}},"75":{"start":{"line":76,"column":0},"end":{"line":76,"column":44}},"76":{"start":{"line":77,"column":0},"end":{"line":77,"column":83}},"77":{"start":{"line":78,"column":0},"end":{"line":78,"column":22}},"78":{"start":{"line":79,"column":0},"end":{"line":79,"column":34}},"79":{"start":{"line":80,"column":0},"end":{"line":80,"column":41}},"80":{"start":{"line":81,"column":0},"end":{"line":81,"column":29}},"81":{"start":{"line":82,"column":0},"end":{"line":82,"column":34}},"82":{"start":{"line":83,"column":0},"end":{"line":83,"column":72}},"83":{"start":{"line":84,"column":0},"end":{"line":84,"column":52}},"84":{"start":{"line":85,"column":0},"end":{"line":85,"column":27}},"85":{"start":{"line":86,"column":0},"end":{"line":86,"column":31}},"86":{"start":{"line":87,"column":0},"end":{"line":87,"column":51}},"87":{"start":{"line":88,"column":0},"end":{"line":88,"column":18}},"88":{"start":{"line":89,"column":0},"end":{"line":89,"column":22}},"89":{"start":{"line":90,"column":0},"end":{"line":90,"column":31}},"90":{"start":{"line":91,"column":0},"end":{"line":91,"column":44}},"91":{"start":{"line":92,"column":0},"end":{"line":92,"column":64}},"92":{"start":{"line":93,"column":0},"end":{"line":93,"column":32}},"93":{"start":{"line":94,"column":0},"end":{"line":94,"column":18}},"94":{"start":{"line":95,"column":0},"end":{"line":95,"column":20}},"95":{"start":{"line":96,"column":0},"end":{"line":96,"column":20}},"96":{"start":{"line":97,"column":0},"end":{"line":97,"column":17}},"97":{"start":{"line":98,"column":0},"end":{"line":98,"column":78}},"98":{"start":{"line":99,"column":0},"end":{"line":99,"column":24}},"99":{"start":{"line":100,"column":0},"end":{"line":100,"column":74}},"100":{"start":{"line":101,"column":0},"end":{"line":101,"column":12}},"101":{"start":{"line":102,"column":0},"end":{"line":102,"column":14}},"102":{"start":{"line":103,"column":0},"end":{"line":103,"column":16}},"103":{"start":{"line":104,"column":0},"end":{"line":104,"column":12}},"104":{"start":{"line":105,"column":0},"end":{"line":105,"column":16}},"105":{"start":{"line":106,"column":0},"end":{"line":106,"column":7}},"106":{"start":{"line":107,"column":0},"end":{"line":107,"column":4}},"107":{"start":{"line":108,"column":0},"end":{"line":108,"column":1}}},"s":{"0":1,"1":1,"2":1,"3":1,"4":1,"5":1,"6":24,"7":24,"8":24,"9":24,"10":24,"11":24,"12":24,"13":24,"14":24,"15":24,"16":24,"17":24,"18":24,"19":5,"20":5,"21":5,"22":5,"23":24,"24":24,"25":2,"26":2,"27":2,"28":1,"29":1,"30":1,"31":1,"32":1,"33":1,"34":2,"35":24,"36":24,"37":19,"38":95,"39":95,"40":95,"41":19,"42":19,"43":19,"44":24,"45":24,"46":24,"47":6,"48":24,"49":24,"50":24,"51":24,"52":24,"53":24,"54":24,"55":24,"56":24,"57":24,"58":24,"59":24,"60":24,"61":24,"62":24,"63":24,"64":0,"65":24,"66":24,"67":24,"68":24,"69":24,"70":24,"71":24,"72":24,"73":24,"74":24,"75":24,"76":24,"77":24,"78":24,"79":24,"80":24,"81":24,"82":24,"83":24,"84":24,"85":24,"86":24,"87":24,"88":24,"89":24,"90":24,"91":24,"92":24,"93":24,"94":24,"95":24,"96":24,"97":24,"98":24,"99":1,"100":24,"101":24,"102":24,"103":24,"104":24,"105":24,"106":24,"107":24},"branchMap":{"0":{"type":"branch","line":7,"loc":{"start":{"line":7,"column":0},"end":{"line":108,"column":1}},"locations":[{"start":{"line":7,"column":0},"end":{"line":108,"column":1}}]},"1":{"type":"branch","line":98,"loc":{"start":{"line":98,"column":11},"end":{"line":98,"column":78}},"locations":[{"start":{"line":98,"column":11},"end":{"line":98,"column":78}}]},"2":{"type":"branch","line":99,"loc":{"start":{"line":99,"column":12},"end":{"line":100,"column":74}},"locations":[{"start":{"line":99,"column":12},"end":{"line":100,"column":74}}]},"3":{"type":"branch","line":11,"loc":{"start":{"line":11,"column":4},"end":{"line":11,"column":48}},"locations":[{"start":{"line":11,"column":4},"end":{"line":11,"column":48}}]},"4":{"type":"branch","line":19,"loc":{"start":{"line":19,"column":2},"end":{"line":23,"column":3}},"locations":[{"start":{"line":19,"column":2},"end":{"line":23,"column":3}}]},"5":{"type":"branch","line":25,"loc":{"start":{"line":25,"column":2},"end":{"line":35,"column":3}},"locations":[{"start":{"line":25,"column":2},"end":{"line":35,"column":3}}]},"6":{"type":"branch","line":28,"loc":{"start":{"line":28,"column":15},"end":{"line":34,"column":5}},"locations":[{"start":{"line":28,"column":15},"end":{"line":34,"column":5}}]},"7":{"type":"branch","line":37,"loc":{"start":{"line":37,"column":42},"end":{"line":45,"column":5}},"locations":[{"start":{"line":37,"column":42},"end":{"line":45,"column":5}}]},"8":{"type":"branch","line":38,"loc":{"start":{"line":38,"column":39},"end":{"line":41,"column":15}},"locations":[{"start":{"line":38,"column":39},"end":{"line":41,"column":15}}]},"9":{"type":"branch","line":47,"loc":{"start":{"line":47,"column":12},"end":{"line":49,"column":5}},"locations":[{"start":{"line":47,"column":12},"end":{"line":49,"column":5}}]},"10":{"type":"branch","line":71,"loc":{"start":{"line":71,"column":26},"end":{"line":71,"column":50}},"locations":[{"start":{"line":71,"column":26},"end":{"line":71,"column":50}}]},"11":{"type":"branch","line":87,"loc":{"start":{"line":87,"column":28},"end":{"line":87,"column":51}},"locations":[{"start":{"line":87,"column":28},"end":{"line":87,"column":51}}]}},"b":{"0":[24],"1":[1],"2":[1],"3":[27],"4":[5],"5":[2],"6":[1],"7":[19],"8":[95],"9":[6],"10":[2],"11":[5]},"fnMap":{"0":{"name":"TopSection","decl":{"start":{"line":7,"column":0},"end":{"line":108,"column":1}},"loc":{"start":{"line":7,"column":0},"end":{"line":108,"column":1}},"line":7},"1":{"name":"handleChange","decl":{"start":{"line":19,"column":2},"end":{"line":23,"column":3}},"loc":{"start":{"line":19,"column":2},"end":{"line":23,"column":3}},"line":19},"2":{"name":"handleSubmit","decl":{"start":{"line":25,"column":2},"end":{"line":35,"column":3}},"loc":{"start":{"line":25,"column":2},"end":{"line":35,"column":3}},"line":25},"3":{"name":"onChange","decl":{"start":{"line":64,"column":24},"end":{"line":65,"column":62}},"loc":{"start":{"line":64,"column":24},"end":{"line":65,"column":62}},"line":64},"4":{"name":"onSubmit","decl":{"start":{"line":71,"column":26},"end":{"line":71,"column":50}},"loc":{"start":{"line":71,"column":26},"end":{"line":71,"column":50}},"line":71},"5":{"name":"onChange","decl":{"start":{"line":87,"column":28},"end":{"line":87,"column":51}},"loc":{"start":{"line":87,"column":28},"end":{"line":87,"column":51}},"line":87}},"f":{"0":24,"1":5,"2":2,"3":0,"4":2,"5":5}}
,"D:\\RS_School\\react-redux-rtk\\rs-school\\src\\features\\booksPerPageSlice.tsx": {"path":"D:\\RS_School\\react-redux-rtk\\rs-school\\src\\features\\booksPerPageSlice.tsx","all":false,"statementMap":{"0":{"start":{"line":1,"column":0},"end":{"line":1,"column":47}},"1":{"start":{"line":2,"column":0},"end":{"line":2,"column":0}},"2":{"start":{"line":3,"column":0},"end":{"line":3,"column":39}},"3":{"start":{"line":4,"column":0},"end":{"line":4,"column":23}},"4":{"start":{"line":5,"column":0},"end":{"line":5,"column":17}},"5":{"start":{"line":6,"column":0},"end":{"line":6,"column":23}},"6":{"start":{"line":7,"column":0},"end":{"line":7,"column":4}},"7":{"start":{"line":8,"column":0},"end":{"line":8,"column":13}},"8":{"start":{"line":9,"column":0},"end":{"line":9,"column":38}},"9":{"start":{"line":10,"column":0},"end":{"line":10,"column":52}},"10":{"start":{"line":11,"column":0},"end":{"line":11,"column":46}},"11":{"start":{"line":12,"column":0},"end":{"line":12,"column":7}},"12":{"start":{"line":13,"column":0},"end":{"line":13,"column":6}},"13":{"start":{"line":14,"column":0},"end":{"line":14,"column":4}},"14":{"start":{"line":15,"column":0},"end":{"line":15,"column":3}},"15":{"start":{"line":16,"column":0},"end":{"line":16,"column":0}},"16":{"start":{"line":17,"column":0},"end":{"line":17,"column":58}},"17":{"start":{"line":18,"column":0},"end":{"line":18,"column":41}}},"s":{"0":1,"1":1,"2":1,"3":1,"4":1,"5":1,"6":1,"7":1,"8":1,"9":0,"10":0,"11":0,"12":0,"13":1,"14":1,"15":1,"16":1,"17":1},"branchMap":{},"b":{},"fnMap":{"0":{"name":"selectNumber","decl":{"start":{"line":9,"column":18},"end":{"line":13,"column":6}},"loc":{"start":{"line":9,"column":18},"end":{"line":13,"column":6}},"line":9}},"f":{"0":0}}
,"D:\\RS_School\\react-redux-rtk\\rs-school\\src\\features\\curentPageSlice.ts": {"path":"D:\\RS_School\\react-redux-rtk\\rs-school\\src\\features\\curentPageSlice.ts","all":false,"statementMap":{"0":{"start":{"line":1,"column":0},"end":{"line":1,"column":47}},"1":{"start":{"line":2,"column":0},"end":{"line":2,"column":0}},"2":{"start":{"line":3,"column":0},"end":{"line":3,"column":29}},"3":{"start":{"line":4,"column":0},"end":{"line":4,"column":16}},"4":{"start":{"line":5,"column":0},"end":{"line":5,"column":2}},"5":{"start":{"line":6,"column":0},"end":{"line":6,"column":0}},"6":{"start":{"line":7,"column":0},"end":{"line":7,"column":37}},"7":{"start":{"line":8,"column":0},"end":{"line":8,"column":21}},"8":{"start":{"line":9,"column":0},"end":{"line":9,"column":15}},"9":{"start":{"line":10,"column":0},"end":{"line":10,"column":13}},"10":{"start":{"line":11,"column":0},"end":{"line":11,"column":39}},"11":{"start":{"line":12,"column":0},"end":{"line":12,"column":48}},"12":{"start":{"line":13,"column":0},"end":{"line":13,"column":42}},"13":{"start":{"line":14,"column":0},"end":{"line":14,"column":7}},"14":{"start":{"line":15,"column":0},"end":{"line":15,"column":6}},"15":{"start":{"line":16,"column":0},"end":{"line":16,"column":4}},"16":{"start":{"line":17,"column":0},"end":{"line":17,"column":3}},"17":{"start":{"line":18,"column":0},"end":{"line":18,"column":0}},"18":{"start":{"line":19,"column":0},"end":{"line":19,"column":57}},"19":{"start":{"line":20,"column":0},"end":{"line":20,"column":39}}},"s":{"0":1,"1":1,"2":1,"3":1,"4":1,"5":1,"6":1,"7":1,"8":1,"9":1,"10":1,"11":2,"12":1,"13":1,"14":2,"15":1,"16":1,"17":1,"18":1,"19":1},"branchMap":{"0":{"type":"branch","line":11,"loc":{"start":{"line":11,"column":19},"end":{"line":15,"column":6}},"locations":[{"start":{"line":11,"column":19},"end":{"line":15,"column":6}}]},"1":{"type":"branch","line":12,"loc":{"start":{"line":12,"column":47},"end":{"line":14,"column":7}},"locations":[{"start":{"line":12,"column":47},"end":{"line":14,"column":7}}]}},"b":{"0":[2],"1":[1]},"fnMap":{"0":{"name":"setCurentPage","decl":{"start":{"line":11,"column":19},"end":{"line":15,"column":6}},"loc":{"start":{"line":11,"column":19},"end":{"line":15,"column":6}},"line":11}},"f":{"0":2}}
,"D:\\RS_School\\react-redux-rtk\\rs-school\\src\\features\\searchSlice.ts": {"path":"D:\\RS_School\\react-redux-rtk\\rs-school\\src\\features\\searchSlice.ts","all":false,"statementMap":{"0":{"start":{"line":1,"column":0},"end":{"line":1,"column":47}},"1":{"start":{"line":2,"column":0},"end":{"line":2,"column":0}},"2":{"start":{"line":3,"column":0},"end":{"line":3,"column":33}},"3":{"start":{"line":4,"column":0},"end":{"line":4,"column":17}},"4":{"start":{"line":5,"column":0},"end":{"line":5,"column":17}},"5":{"start":{"line":6,"column":0},"end":{"line":6,"column":20}},"6":{"start":{"line":7,"column":0},"end":{"line":7,"column":4}},"7":{"start":{"line":8,"column":0},"end":{"line":8,"column":13}},"8":{"start":{"line":9,"column":0},"end":{"line":9,"column":40}},"9":{"start":{"line":10,"column":0},"end":{"line":10,"column":49}},"10":{"start":{"line":11,"column":0},"end":{"line":11,"column":43}},"11":{"start":{"line":12,"column":0},"end":{"line":12,"column":7}},"12":{"start":{"line":13,"column":0},"end":{"line":13,"column":6}},"13":{"start":{"line":14,"column":0},"end":{"line":14,"column":4}},"14":{"start":{"line":15,"column":0},"end":{"line":15,"column":3}},"15":{"start":{"line":16,"column":0},"end":{"line":16,"column":0}},"16":{"start":{"line":17,"column":0},"end":{"line":17,"column":54}},"17":{"start":{"line":18,"column":0},"end":{"line":18,"column":35}}},"s":{"0":1,"1":1,"2":1,"3":1,"4":1,"5":1,"6":1,"7":1,"8":1,"9":1,"10":1,"11":1,"12":1,"13":1,"14":1,"15":1,"16":1,"17":1},"branchMap":{"0":{"type":"branch","line":9,"loc":{"start":{"line":9,"column":20},"end":{"line":13,"column":6}},"locations":[{"start":{"line":9,"column":20},"end":{"line":13,"column":6}}]}},"b":{"0":[1]},"fnMap":{"0":{"name":"setSearchQuery","decl":{"start":{"line":9,"column":20},"end":{"line":13,"column":6}},"loc":{"start":{"line":9,"column":20},"end":{"line":13,"column":6}},"line":9}},"f":{"0":1}}
,"D:\\RS_School\\react-redux-rtk\\rs-school\\src\\mock\\store.ts": {"path":"D:\\RS_School\\react-redux-rtk\\rs-school\\src\\mock\\store.ts","all":false,"statementMap":{"0":{"start":{"line":1,"column":0},"end":{"line":1,"column":50}},"1":{"start":{"line":2,"column":0},"end":{"line":2,"column":56}},"2":{"start":{"line":3,"column":0},"end":{"line":3,"column":43}},"3":{"start":{"line":4,"column":0},"end":{"line":4,"column":49}},"4":{"start":{"line":5,"column":0},"end":{"line":5,"column":55}},"5":{"start":{"line":6,"column":0},"end":{"line":6,"column":0}},"6":{"start":{"line":7,"column":0},"end":{"line":7,"column":37}},"7":{"start":{"line":8,"column":0},"end":{"line":8,"column":0}},"8":{"start":{"line":9,"column":0},"end":{"line":9,"column":30}},"9":{"start":{"line":10,"column":0},"end":{"line":10,"column":23}},"10":{"start":{"line":11,"column":0},"end":{"line":11,"column":39}},"11":{"start":{"line":12,"column":0},"end":{"line":12,"column":57}},"12":{"start":{"line":13,"column":0},"end":{"line":13,"column":3}},"13":{"start":{"line":14,"column":0},"end":{"line":14,"column":0}},"14":{"start":{"line":15,"column":0},"end":{"line":15,"column":31}},"15":{"start":{"line":16,"column":0},"end":{"line":16,"column":0}},"16":{"start":{"line":17,"column":0},"end":{"line":17,"column":75}},"17":{"start":{"line":18,"column":0},"end":{"line":18,"column":25}},"18":{"start":{"line":19,"column":0},"end":{"line":19,"column":25}},"19":{"start":{"line":20,"column":0},"end":{"line":20,"column":41}},"20":{"start":{"line":21,"column":0},"end":{"line":21,"column":59}},"21":{"start":{"line":22,"column":0},"end":{"line":22,"column":19}},"22":{"start":{"line":23,"column":0},"end":{"line":23,"column":5}},"23":{"start":{"line":24,"column":0},"end":{"line":24,"column":2}},"24":{"start":{"line":25,"column":0},"end":{"line":25,"column":0}},"25":{"start":{"line":26,"column":0},"end":{"line":26,"column":17}},"26":{"start":{"line":27,"column":0},"end":{"line":27,"column":58}},"27":{"start":{"line":28,"column":0},"end":{"line":28,"column":53}}},"s":{"0":1,"1":1,"2":1,"3":1,"4":1,"5":1,"6":1,"7":1,"8":1,"9":1,"10":1,"11":7,"12":1,"13":1,"14":1,"15":1,"16":1,"17":19,"18":19,"19":19,"20":19,"21":19,"22":19,"23":19,"24":1,"25":1,"26":1,"27":1},"branchMap":{"0":{"type":"branch","line":11,"loc":{"start":{"line":11,"column":14},"end":{"line":12,"column":57}},"locations":[{"start":{"line":11,"column":14},"end":{"line":12,"column":57}}]},"1":{"type":"branch","line":17,"loc":{"start":{"line":17,"column":26},"end":{"line":24,"column":2}},"locations":[{"start":{"line":17,"column":26},"end":{"line":24,"column":2}}]},"2":{"type":"branch","line":20,"loc":{"start":{"line":20,"column":16},"end":{"line":21,"column":59}},"locations":[{"start":{"line":20,"column":16},"end":{"line":21,"column":59}}]}},"b":{"0":[7],"1":[19],"2":[19]},"fnMap":{"0":{"name":"middleware","decl":{"start":{"line":11,"column":14},"end":{"line":12,"column":57}},"loc":{"start":{"line":11,"column":14},"end":{"line":12,"column":57}},"line":11},"1":{"name":"setupStore","decl":{"start":{"line":17,"column":26},"end":{"line":24,"column":2}},"loc":{"start":{"line":17,"column":26},"end":{"line":24,"column":2}},"line":17},"2":{"name":"middleware","decl":{"start":{"line":20,"column":16},"end":{"line":21,"column":59}},"loc":{"start":{"line":20,"column":16},"end":{"line":21,"column":59}},"line":20}},"f":{"0":7,"1":19,"2":19}}
,"D:\\RS_School\\react-redux-rtk\\rs-school\\src\\pages\\Home\\Home.tsx": {"path":"D:\\RS_School\\react-redux-rtk\\rs-school\\src\\pages\\Home\\Home.tsx","all":false,"statementMap":{"0":{"start":{"line":1,"column":0},"end":{"line":1,"column":26}},"1":{"start":{"line":2,"column":0},"end":{"line":2,"column":64}},"2":{"start":{"line":3,"column":0},"end":{"line":3,"column":59}},"3":{"start":{"line":4,"column":0},"end":{"line":4,"column":0}},"4":{"start":{"line":5,"column":0},"end":{"line":5,"column":32}},"5":{"start":{"line":6,"column":0},"end":{"line":6,"column":10}},"6":{"start":{"line":7,"column":0},"end":{"line":7,"column":37}},"7":{"start":{"line":8,"column":0},"end":{"line":8,"column":32}},"8":{"start":{"line":9,"column":0},"end":{"line":9,"column":39}},"9":{"start":{"line":10,"column":0},"end":{"line":10,"column":25}},"10":{"start":{"line":11,"column":0},"end":{"line":11,"column":26}},"11":{"start":{"line":12,"column":0},"end":{"line":12,"column":26}},"12":{"start":{"line":13,"column":0},"end":{"line":13,"column":14}},"13":{"start":{"line":14,"column":0},"end":{"line":14,"column":12}},"14":{"start":{"line":15,"column":0},"end":{"line":15,"column":10}},"15":{"start":{"line":16,"column":0},"end":{"line":16,"column":4}},"16":{"start":{"line":17,"column":0},"end":{"line":17,"column":1}}},"s":{"0":1,"1":1,"2":1,"3":1,"4":3,"5":3,"6":3,"7":3,"8":3,"9":3,"10":3,"11":3,"12":3,"13":3,"14":3,"15":3,"16":3},"branchMap":{"0":{"type":"branch","line":5,"loc":{"start":{"line":5,"column":0},"end":{"line":17,"column":1}},"locations":[{"start":{"line":5,"column":0},"end":{"line":17,"column":1}}]}},"b":{"0":[3]},"fnMap":{"0":{"name":"Home","decl":{"start":{"line":5,"column":0},"end":{"line":17,"column":1}},"loc":{"start":{"line":5,"column":0},"end":{"line":17,"column":1}},"line":5}},"f":{"0":3}}
,"D:\\RS_School\\react-redux-rtk\\rs-school\\src\\pages\\Page404\\Page404.tsx": {"path":"D:\\RS_School\\react-redux-rtk\\rs-school\\src\\pages\\Page404\\Page404.tsx","all":false,"statementMap":{"0":{"start":{"line":1,"column":0},"end":{"line":1,"column":26}},"1":{"start":{"line":2,"column":0},"end":{"line":2,"column":0}},"2":{"start":{"line":3,"column":0},"end":{"line":3,"column":35}},"3":{"start":{"line":4,"column":0},"end":{"line":4,"column":10}},"4":{"start":{"line":5,"column":0},"end":{"line":5,"column":32}},"5":{"start":{"line":6,"column":0},"end":{"line":6,"column":27}},"6":{"start":{"line":7,"column":0},"end":{"line":7,"column":29}},"7":{"start":{"line":8,"column":0},"end":{"line":8,"column":39}},"8":{"start":{"line":9,"column":0},"end":{"line":9,"column":35}},"9":{"start":{"line":10,"column":0},"end":{"line":10,"column":49}},"10":{"start":{"line":11,"column":0},"end":{"line":11,"column":20}},"11":{"start":{"line":12,"column":0},"end":{"line":12,"column":14}},"12":{"start":{"line":13,"column":0},"end":{"line":13,"column":12}},"13":{"start":{"line":14,"column":0},"end":{"line":14,"column":11}},"14":{"start":{"line":15,"column":0},"end":{"line":15,"column":4}},"15":{"start":{"line":16,"column":0},"end":{"line":16,"column":1}}},"s":{"0":1,"1":1,"2":2,"3":2,"4":2,"5":2,"6":2,"7":2,"8":2,"9":2,"10":2,"11":2,"12":2,"13":2,"14":2,"15":2},"branchMap":{"0":{"type":"branch","line":3,"loc":{"start":{"line":3,"column":0},"end":{"line":16,"column":1}},"locations":[{"start":{"line":3,"column":0},"end":{"line":16,"column":1}}]}},"b":{"0":[2]},"fnMap":{"0":{"name":"Page404","decl":{"start":{"line":3,"column":0},"end":{"line":16,"column":1}},"loc":{"start":{"line":3,"column":0},"end":{"line":16,"column":1}},"line":3}},"f":{"0":2}}
,"D:\\RS_School\\react-redux-rtk\\rs-school\\src\\utils\\const.ts": {"path":"D:\\RS_School\\react-redux-rtk\\rs-school\\src\\utils\\const.ts","all":false,"statementMap":{"0":{"start":{"line":1,"column":0},"end":{"line":1,"column":50}}},"s":{"0":1},"branchMap":{},"b":{},"fnMap":{},"f":{}}
,"D:\\RS_School\\react-redux-rtk\\rs-school\\src\\utils\\test-utils.tsx": {"path":"D:\\RS_School\\react-redux-rtk\\rs-school\\src\\utils\\test-utils.tsx","all":false,"statementMap":{"0":{"start":{"line":1,"column":0},"end":{"line":1,"column":49}},"1":{"start":{"line":2,"column":0},"end":{"line":2,"column":48}},"2":{"start":{"line":3,"column":0},"end":{"line":3,"column":60}},"3":{"start":{"line":4,"column":0},"end":{"line":4,"column":55}},"4":{"start":{"line":5,"column":0},"end":{"line":5,"column":39}},"5":{"start":{"line":6,"column":0},"end":{"line":6,"column":43}},"6":{"start":{"line":7,"column":0},"end":{"line":7,"column":0}},"7":{"start":{"line":8,"column":0},"end":{"line":8,"column":57}},"8":{"start":{"line":9,"column":0},"end":{"line":9,"column":79}},"9":{"start":{"line":10,"column":0},"end":{"line":10,"column":74}},"10":{"start":{"line":11,"column":0},"end":{"line":11,"column":72}},"11":{"start":{"line":12,"column":0},"end":{"line":12,"column":45}},"12":{"start":{"line":13,"column":0},"end":{"line":13,"column":19}},"13":{"start":{"line":14,"column":0},"end":{"line":14,"column":1}},"14":{"start":{"line":15,"column":0},"end":{"line":15,"column":0}},"15":{"start":{"line":16,"column":0},"end":{"line":16,"column":36}},"16":{"start":{"line":17,"column":0},"end":{"line":17,"column":25}},"17":{"start":{"line":18,"column":0},"end":{"line":18,"column":3}},"18":{"start":{"line":19,"column":0},"end":{"line":19,"column":22}},"19":{"start":{"line":20,"column":0},"end":{"line":20,"column":34}},"20":{"start":{"line":21,"column":0},"end":{"line":21,"column":36}},"21":{"start":{"line":22,"column":0},"end":{"line":22,"column":43}},"22":{"start":{"line":23,"column":0},"end":{"line":23,"column":6}},"23":{"start":{"line":24,"column":0},"end":{"line":24,"column":70}},"24":{"start":{"line":25,"column":0},"end":{"line":25,"column":39}},"25":{"start":{"line":26,"column":0},"end":{"line":26,"column":20}},"26":{"start":{"line":27,"column":0},"end":{"line":27,"column":31}},"27":{"start":{"line":28,"column":0},"end":{"line":28,"column":3}},"28":{"start":{"line":29,"column":0},"end":{"line":29,"column":75}},"29":{"start":{"line":30,"column":0},"end":{"line":30,"column":57}},"30":{"start":{"line":31,"column":0},"end":{"line":31,"column":3}},"31":{"start":{"line":32,"column":0},"end":{"line":32,"column":74}},"32":{"start":{"line":33,"column":0},"end":{"line":33,"column":1}}},"s":{"0":1,"1":1,"2":1,"3":1,"4":1,"5":1,"6":1,"7":1,"8":1,"9":1,"10":1,"11":1,"12":1,"13":1,"14":1,"15":1,"16":15,"17":15,"18":15,"19":15,"20":15,"21":15,"22":15,"23":15,"24":15,"25":15,"26":15,"27":15,"28":15,"29":15,"30":15,"31":15,"32":15},"branchMap":{"0":{"type":"branch","line":16,"loc":{"start":{"line":16,"column":7},"end":{"line":33,"column":1}},"locations":[{"start":{"line":16,"column":7},"end":{"line":33,"column":1}}]},"1":{"type":"branch","line":29,"loc":{"start":{"line":29,"column":2},"end":{"line":31,"column":3}},"locations":[{"start":{"line":29,"column":2},"end":{"line":31,"column":3}}]}},"b":{"0":[15],"1":[15]},"fnMap":{"0":{"name":"renderWithProviders","decl":{"start":{"line":16,"column":7},"end":{"line":33,"column":1}},"loc":{"start":{"line":16,"column":7},"end":{"line":33,"column":1}},"line":16},"1":{"name":"Wrapper","decl":{"start":{"line":29,"column":2},"end":{"line":31,"column":3}},"loc":{"start":{"line":29,"column":2},"end":{"line":31,"column":3}},"line":29}},"f":{"0":15,"1":15}}
}
